{"/Users/thiagomarquez/tiktokLiveMonitor/ai.js": {"path":"/Users/thiagomarquez/tiktokLiveMonitor/ai.js","statementMap":{"0":{"start":{"line":1,"column":18},"end":{"line":1,"column":42}},"1":{"start":{"line":2,"column":13},"end":{"line":2,"column":28}},"2":{"start":{"line":3,"column":11},"end":{"line":3,"column":24}},"3":{"start":{"line":4,"column":13},"end":{"line":4,"column":28}},"4":{"start":{"line":5,"column":11},"end":{"line":5,"column":24}},"5":{"start":{"line":6,"column":47},"end":{"line":6,"column":77}},"6":{"start":{"line":7,"column":26},"end":{"line":7,"column":48}},"7":{"start":{"line":9,"column":19},"end":{"line":9,"column":23}},"8":{"start":{"line":10,"column":19},"end":{"line":10,"column":23}},"9":{"start":{"line":13,"column":24},"end":{"line":13,"column":41}},"10":{"start":{"line":16,"column":17},"end":{"line":16,"column":53}},"11":{"start":{"line":16,"column":46},"end":{"line":16,"column":52}},"12":{"start":{"line":17,"column":4},"end":{"line":20,"column":6}},"13":{"start":{"line":21,"column":4},"end":{"line":21,"column":16}},"14":{"start":{"line":28,"column":18},"end":{"line":28,"column":27}},"15":{"start":{"line":31,"column":4},"end":{"line":37,"column":5}},"16":{"start":{"line":34,"column":8},"end":{"line":36,"column":9}},"17":{"start":{"line":35,"column":12},"end":{"line":35,"column":44}},"18":{"start":{"line":39,"column":21},"end":{"line":39,"column":107}},"19":{"start":{"line":40,"column":17},"end":{"line":40,"column":29}},"20":{"start":{"line":42,"column":20},"end":{"line":42,"column":76}},"21":{"start":{"line":43,"column":20},"end":{"line":43,"column":61}},"22":{"start":{"line":45,"column":20},"end":{"line":45,"column":60}},"23":{"start":{"line":46,"column":22},"end":{"line":46,"column":65}},"24":{"start":{"line":48,"column":4},"end":{"line":48,"column":34}},"25":{"start":{"line":53,"column":20},"end":{"line":56,"column":5}},"26":{"start":{"line":57,"column":4},"end":{"line":59,"column":5}},"27":{"start":{"line":58,"column":8},"end":{"line":58,"column":39}},"28":{"start":{"line":58,"column":30},"end":{"line":58,"column":39}},"29":{"start":{"line":60,"column":4},"end":{"line":60,"column":51}},"30":{"start":{"line":60,"column":33},"end":{"line":60,"column":51}},"31":{"start":{"line":61,"column":4},"end":{"line":72,"column":5}},"32":{"start":{"line":62,"column":24},"end":{"line":62,"column":72}},"33":{"start":{"line":63,"column":8},"end":{"line":69,"column":9}},"34":{"start":{"line":64,"column":12},"end":{"line":64,"column":43}},"35":{"start":{"line":64,"column":34},"end":{"line":64,"column":43}},"36":{"start":{"line":65,"column":12},"end":{"line":68,"column":13}},"37":{"start":{"line":66,"column":31},"end":{"line":66,"column":66}},"38":{"start":{"line":67,"column":16},"end":{"line":67,"column":57}},"39":{"start":{"line":67,"column":43},"end":{"line":67,"column":57}},"40":{"start":{"line":73,"column":4},"end":{"line":73,"column":22}},"41":{"start":{"line":77,"column":4},"end":{"line":77,"column":29}},"42":{"start":{"line":77,"column":22},"end":{"line":77,"column":29}},"43":{"start":{"line":79,"column":35},"end":{"line":79,"column":45}},"44":{"start":{"line":81,"column":4},"end":{"line":83,"column":5}},"45":{"start":{"line":82,"column":8},"end":{"line":82,"column":128}},"46":{"start":{"line":84,"column":4},"end":{"line":86,"column":5}},"47":{"start":{"line":85,"column":8},"end":{"line":85,"column":118}},"48":{"start":{"line":87,"column":15},"end":{"line":87,"column":42}},"49":{"start":{"line":88,"column":4},"end":{"line":90,"column":5}},"50":{"start":{"line":89,"column":8},"end":{"line":89,"column":106}},"51":{"start":{"line":92,"column":19},"end":{"line":92,"column":40}},"52":{"start":{"line":95,"column":19},"end":{"line":95,"column":48}},"53":{"start":{"line":96,"column":4},"end":{"line":102,"column":5}},"54":{"start":{"line":97,"column":8},"end":{"line":101,"column":9}},"55":{"start":{"line":98,"column":12},"end":{"line":98,"column":78}},"56":{"start":{"line":100,"column":12},"end":{"line":100,"column":35}},"57":{"start":{"line":104,"column":4},"end":{"line":104,"column":86}},"58":{"start":{"line":105,"column":4},"end":{"line":105,"column":40}},"59":{"start":{"line":106,"column":4},"end":{"line":106,"column":44}},"60":{"start":{"line":108,"column":18},"end":{"line":108,"column":67}},"61":{"start":{"line":109,"column":16},"end":{"line":109,"column":80}},"62":{"start":{"line":110,"column":20},"end":{"line":110,"column":48}},"63":{"start":{"line":113,"column":21},"end":{"line":113,"column":39}},"64":{"start":{"line":114,"column":4},"end":{"line":119,"column":5}},"65":{"start":{"line":115,"column":20},"end":{"line":115,"column":23}},"66":{"start":{"line":116,"column":8},"end":{"line":118,"column":21}},"67":{"start":{"line":121,"column":22},"end":{"line":127,"column":5}},"68":{"start":{"line":129,"column":4},"end":{"line":131,"column":5}},"69":{"start":{"line":130,"column":8},"end":{"line":130,"column":36}},"70":{"start":{"line":133,"column":21},"end":{"line":133,"column":23}},"71":{"start":{"line":134,"column":4},"end":{"line":138,"column":7}},"72":{"start":{"line":140,"column":4},"end":{"line":147,"column":7}},"73":{"start":{"line":141,"column":21},"end":{"line":141,"column":37}},"74":{"start":{"line":142,"column":8},"end":{"line":142,"column":54}},"75":{"start":{"line":143,"column":21},"end":{"line":143,"column":32}},"76":{"start":{"line":144,"column":8},"end":{"line":146,"column":9}},"77":{"start":{"line":145,"column":12},"end":{"line":145,"column":68}},"78":{"start":{"line":149,"column":4},"end":{"line":151,"column":7}},"79":{"start":{"line":150,"column":8},"end":{"line":150,"column":62}},"80":{"start":{"line":152,"column":4},"end":{"line":159,"column":7}},"81":{"start":{"line":153,"column":8},"end":{"line":158,"column":9}},"82":{"start":{"line":154,"column":12},"end":{"line":154,"column":88}},"83":{"start":{"line":155,"column":12},"end":{"line":157,"column":13}},"84":{"start":{"line":156,"column":16},"end":{"line":156,"column":88}},"85":{"start":{"line":161,"column":24},"end":{"line":164,"column":5}},"86":{"start":{"line":167,"column":19},"end":{"line":167,"column":20}},"87":{"start":{"line":169,"column":4},"end":{"line":200,"column":7}},"88":{"start":{"line":170,"column":22},"end":{"line":199,"column":16}},"89":{"start":{"line":171,"column":12},"end":{"line":171,"column":23}},"90":{"start":{"line":172,"column":12},"end":{"line":178,"column":13}},"91":{"start":{"line":173,"column":16},"end":{"line":173,"column":37}},"92":{"start":{"line":174,"column":16},"end":{"line":176,"column":19}},"93":{"start":{"line":177,"column":16},"end":{"line":177,"column":23}},"94":{"start":{"line":180,"column":24},"end":{"line":192,"column":14}},"95":{"start":{"line":181,"column":16},"end":{"line":187,"column":17}},"96":{"start":{"line":182,"column":20},"end":{"line":182,"column":41}},"97":{"start":{"line":183,"column":20},"end":{"line":183,"column":33}},"98":{"start":{"line":184,"column":20},"end":{"line":184,"column":61}},"99":{"start":{"line":185,"column":20},"end":{"line":185,"column":30}},"100":{"start":{"line":186,"column":20},"end":{"line":186,"column":27}},"101":{"start":{"line":188,"column":16},"end":{"line":188,"column":29}},"102":{"start":{"line":189,"column":16},"end":{"line":191,"column":17}},"103":{"start":{"line":190,"column":20},"end":{"line":190,"column":85}},"104":{"start":{"line":193,"column":12},"end":{"line":198,"column":15}},"105":{"start":{"line":194,"column":16},"end":{"line":197,"column":17}},"106":{"start":{"line":195,"column":20},"end":{"line":195,"column":41}},"107":{"start":{"line":196,"column":20},"end":{"line":196,"column":85}},"108":{"start":{"line":205,"column":4},"end":{"line":209,"column":6}},"109":{"start":{"line":213,"column":16},"end":{"line":213,"column":42}},"110":{"start":{"line":214,"column":4},"end":{"line":214,"column":53}},"111":{"start":{"line":214,"column":41},"end":{"line":214,"column":53}},"112":{"start":{"line":215,"column":14},"end":{"line":215,"column":64}},"113":{"start":{"line":216,"column":14},"end":{"line":216,"column":84}},"114":{"start":{"line":217,"column":16},"end":{"line":217,"column":70}},"115":{"start":{"line":218,"column":4},"end":{"line":218,"column":15}},"116":{"start":{"line":222,"column":17},"end":{"line":222,"column":65}},"117":{"start":{"line":224,"column":4},"end":{"line":260,"column":7}},"118":{"start":{"line":225,"column":20},"end":{"line":251,"column":10}},"119":{"start":{"line":236,"column":31},"end":{"line":236,"column":33}},"120":{"start":{"line":237,"column":12},"end":{"line":237,"column":61}},"121":{"start":{"line":237,"column":38},"end":{"line":237,"column":59}},"122":{"start":{"line":238,"column":12},"end":{"line":250,"column":15}},"123":{"start":{"line":239,"column":16},"end":{"line":249,"column":17}},"124":{"start":{"line":240,"column":33},"end":{"line":240,"column":57}},"125":{"start":{"line":241,"column":33},"end":{"line":241,"column":68}},"126":{"start":{"line":242,"column":20},"end":{"line":245,"column":21}},"127":{"start":{"line":243,"column":24},"end":{"line":243,"column":131}},"128":{"start":{"line":244,"column":24},"end":{"line":244,"column":31}},"129":{"start":{"line":246,"column":20},"end":{"line":246,"column":41}},"130":{"start":{"line":248,"column":20},"end":{"line":248,"column":30}},"131":{"start":{"line":253,"column":8},"end":{"line":253,"column":32}},"132":{"start":{"line":254,"column":8},"end":{"line":257,"column":11}},"133":{"start":{"line":255,"column":12},"end":{"line":255,"column":26}},"134":{"start":{"line":256,"column":12},"end":{"line":256,"column":71}},"135":{"start":{"line":258,"column":8},"end":{"line":258,"column":24}},"136":{"start":{"line":259,"column":8},"end":{"line":259,"column":18}},"137":{"start":{"line":267,"column":4},"end":{"line":290,"column":7}},"138":{"start":{"line":268,"column":8},"end":{"line":273,"column":9}},"139":{"start":{"line":269,"column":12},"end":{"line":269,"column":37}},"140":{"start":{"line":271,"column":12},"end":{"line":271,"column":73}},"141":{"start":{"line":272,"column":12},"end":{"line":272,"column":22}},"142":{"start":{"line":275,"column":24},"end":{"line":282,"column":9}},"143":{"start":{"line":284,"column":8},"end":{"line":289,"column":9}},"144":{"start":{"line":285,"column":12},"end":{"line":285,"column":53}},"145":{"start":{"line":287,"column":12},"end":{"line":287,"column":65}},"146":{"start":{"line":288,"column":12},"end":{"line":288,"column":20}},"147":{"start":{"line":295,"column":4},"end":{"line":307,"column":5}},"148":{"start":{"line":296,"column":28},"end":{"line":296,"column":115}},"149":{"start":{"line":297,"column":21},"end":{"line":297,"column":98}},"150":{"start":{"line":298,"column":24},"end":{"line":301,"column":33}},"151":{"start":{"line":302,"column":8},"end":{"line":302,"column":50}},"152":{"start":{"line":302,"column":37},"end":{"line":302,"column":50}},"153":{"start":{"line":303,"column":8},"end":{"line":303,"column":80}},"154":{"start":{"line":303,"column":67},"end":{"line":303,"column":80}},"155":{"start":{"line":304,"column":8},"end":{"line":304,"column":21}},"156":{"start":{"line":306,"column":8},"end":{"line":306,"column":21}},"157":{"start":{"line":311,"column":4},"end":{"line":315,"column":5}},"158":{"start":{"line":312,"column":8},"end":{"line":312,"column":55}},"159":{"start":{"line":313,"column":8},"end":{"line":313,"column":28}},"160":{"start":{"line":314,"column":8},"end":{"line":314,"column":28}},"161":{"start":{"line":319,"column":0},"end":{"line":319,"column":38}},"162":{"start":{"line":320,"column":0},"end":{"line":320,"column":39}},"163":{"start":{"line":321,"column":0},"end":{"line":321,"column":36}},"164":{"start":{"line":324,"column":4},"end":{"line":324,"column":16}},"165":{"start":{"line":329,"column":4},"end":{"line":335,"column":5}},"166":{"start":{"line":330,"column":8},"end":{"line":330,"column":33}},"167":{"start":{"line":331,"column":8},"end":{"line":331,"column":20}},"168":{"start":{"line":333,"column":8},"end":{"line":333,"column":61}},"169":{"start":{"line":334,"column":8},"end":{"line":334,"column":21}},"170":{"start":{"line":338,"column":0},"end":{"line":347,"column":2}}},"fnMap":{"0":{"name":"enqueueLlama","decl":{"start":{"line":15,"column":9},"end":{"line":15,"column":21}},"loc":{"start":{"line":15,"column":28},"end":{"line":22,"column":1}},"line":15},"1":{"name":"(anonymous_1)","decl":{"start":{"line":16,"column":40},"end":{"line":16,"column":41}},"loc":{"start":{"line":16,"column":46},"end":{"line":16,"column":52}},"line":16},"2":{"name":"(anonymous_2)","decl":{"start":{"line":18,"column":8},"end":{"line":18,"column":9}},"loc":{"start":{"line":18,"column":14},"end":{"line":18,"column":16}},"line":18},"3":{"name":"(anonymous_3)","decl":{"start":{"line":19,"column":8},"end":{"line":19,"column":9}},"loc":{"start":{"line":19,"column":14},"end":{"line":19,"column":16}},"line":19},"4":{"name":"getPaths","decl":{"start":{"line":24,"column":9},"end":{"line":24,"column":17}},"loc":{"start":{"line":24,"column":20},"end":{"line":49,"column":1}},"line":24},"5":{"name":"resolveLlamaServerPath","decl":{"start":{"line":52,"column":9},"end":{"line":52,"column":31}},"loc":{"start":{"line":52,"column":50},"end":{"line":74,"column":1}},"line":52},"6":{"name":"startLlamaServer","decl":{"start":{"line":76,"column":15},"end":{"line":76,"column":31}},"loc":{"start":{"line":76,"column":34},"end":{"line":201,"column":1}},"line":76},"7":{"name":"(anonymous_7)","decl":{"start":{"line":140,"column":35},"end":{"line":140,"column":36}},"loc":{"start":{"line":140,"column":46},"end":{"line":147,"column":5}},"line":140},"8":{"name":"(anonymous_8)","decl":{"start":{"line":149,"column":29},"end":{"line":149,"column":30}},"loc":{"start":{"line":149,"column":38},"end":{"line":151,"column":5}},"line":149},"9":{"name":"(anonymous_9)","decl":{"start":{"line":152,"column":28},"end":{"line":152,"column":29}},"loc":{"start":{"line":152,"column":46},"end":{"line":159,"column":5}},"line":152},"10":{"name":"(anonymous_10)","decl":{"start":{"line":169,"column":23},"end":{"line":169,"column":24}},"loc":{"start":{"line":169,"column":44},"end":{"line":200,"column":5}},"line":169},"11":{"name":"(anonymous_11)","decl":{"start":{"line":170,"column":34},"end":{"line":170,"column":35}},"loc":{"start":{"line":170,"column":40},"end":{"line":199,"column":9}},"line":170},"12":{"name":"(anonymous_12)","decl":{"start":{"line":180,"column":74},"end":{"line":180,"column":75}},"loc":{"start":{"line":180,"column":83},"end":{"line":192,"column":13}},"line":180},"13":{"name":"(anonymous_13)","decl":{"start":{"line":193,"column":28},"end":{"line":193,"column":29}},"loc":{"start":{"line":193,"column":34},"end":{"line":198,"column":13}},"line":193},"14":{"name":"mergeChatCompletionBody","decl":{"start":{"line":204,"column":9},"end":{"line":204,"column":32}},"loc":{"start":{"line":204,"column":42},"end":{"line":210,"column":1}},"line":204},"15":{"name":"assistantTextFromChatResponse","decl":{"start":{"line":212,"column":9},"end":{"line":212,"column":38}},"loc":{"start":{"line":212,"column":45},"end":{"line":219,"column":1}},"line":212},"16":{"name":"postChatCompletion","decl":{"start":{"line":221,"column":9},"end":{"line":221,"column":27}},"loc":{"start":{"line":221,"column":37},"end":{"line":261,"column":1}},"line":221},"17":{"name":"(anonymous_17)","decl":{"start":{"line":224,"column":23},"end":{"line":224,"column":24}},"loc":{"start":{"line":224,"column":44},"end":{"line":260,"column":5}},"line":224},"18":{"name":"(anonymous_18)","decl":{"start":{"line":235,"column":11},"end":{"line":235,"column":12}},"loc":{"start":{"line":235,"column":20},"end":{"line":251,"column":9}},"line":235},"19":{"name":"(anonymous_19)","decl":{"start":{"line":237,"column":27},"end":{"line":237,"column":28}},"loc":{"start":{"line":237,"column":38},"end":{"line":237,"column":59}},"line":237},"20":{"name":"(anonymous_20)","decl":{"start":{"line":238,"column":26},"end":{"line":238,"column":27}},"loc":{"start":{"line":238,"column":32},"end":{"line":250,"column":13}},"line":238},"21":{"name":"(anonymous_21)","decl":{"start":{"line":254,"column":26},"end":{"line":254,"column":27}},"loc":{"start":{"line":254,"column":32},"end":{"line":257,"column":9}},"line":254},"22":{"name":"completeModeration","decl":{"start":{"line":266,"column":15},"end":{"line":266,"column":33}},"loc":{"start":{"line":266,"column":78},"end":{"line":291,"column":1}},"line":266},"23":{"name":"(anonymous_23)","decl":{"start":{"line":267,"column":24},"end":{"line":267,"column":25}},"loc":{"start":{"line":267,"column":36},"end":{"line":290,"column":5}},"line":267},"24":{"name":"askLlama","decl":{"start":{"line":294,"column":15},"end":{"line":294,"column":23}},"loc":{"start":{"line":294,"column":32},"end":{"line":308,"column":1}},"line":294},"25":{"name":"stopLlamaServer","decl":{"start":{"line":310,"column":9},"end":{"line":310,"column":24}},"loc":{"start":{"line":310,"column":27},"end":{"line":316,"column":1}},"line":310},"26":{"name":"aiConfigured","decl":{"start":{"line":323,"column":9},"end":{"line":323,"column":21}},"loc":{"start":{"line":323,"column":24},"end":{"line":325,"column":1}},"line":323},"27":{"name":"probeLlamaReady","decl":{"start":{"line":328,"column":15},"end":{"line":328,"column":30}},"loc":{"start":{"line":328,"column":33},"end":{"line":336,"column":1}},"line":328}},"branchMap":{"0":{"loc":{"start":{"line":31,"column":4},"end":{"line":37,"column":5}},"type":"if","locations":[{"start":{"line":31,"column":4},"end":{"line":37,"column":5}},{"start":{},"end":{}}],"line":31},"1":{"loc":{"start":{"line":34,"column":8},"end":{"line":36,"column":9}},"type":"if","locations":[{"start":{"line":34,"column":8},"end":{"line":36,"column":9}},{"start":{},"end":{}}],"line":34},"2":{"loc":{"start":{"line":39,"column":21},"end":{"line":39,"column":107}},"type":"cond-expr","locations":[{"start":{"line":39,"column":52},"end":{"line":39,"column":57}},{"start":{"line":39,"column":60},"end":{"line":39,"column":107}}],"line":39},"3":{"loc":{"start":{"line":39,"column":60},"end":{"line":39,"column":107}},"type":"cond-expr","locations":[{"start":{"line":39,"column":92},"end":{"line":39,"column":97}},{"start":{"line":39,"column":100},"end":{"line":39,"column":107}}],"line":39},"4":{"loc":{"start":{"line":42,"column":20},"end":{"line":42,"column":76}},"type":"cond-expr","locations":[{"start":{"line":42,"column":41},"end":{"line":42,"column":59}},{"start":{"line":42,"column":62},"end":{"line":42,"column":76}}],"line":42},"5":{"loc":{"start":{"line":58,"column":8},"end":{"line":58,"column":39}},"type":"if","locations":[{"start":{"line":58,"column":8},"end":{"line":58,"column":39}},{"start":{},"end":{}}],"line":58},"6":{"loc":{"start":{"line":60,"column":4},"end":{"line":60,"column":51}},"type":"if","locations":[{"start":{"line":60,"column":4},"end":{"line":60,"column":51}},{"start":{},"end":{}}],"line":60},"7":{"loc":{"start":{"line":64,"column":12},"end":{"line":64,"column":43}},"type":"if","locations":[{"start":{"line":64,"column":12},"end":{"line":64,"column":43}},{"start":{},"end":{}}],"line":64},"8":{"loc":{"start":{"line":65,"column":12},"end":{"line":68,"column":13}},"type":"if","locations":[{"start":{"line":65,"column":12},"end":{"line":68,"column":13}},{"start":{},"end":{}}],"line":65},"9":{"loc":{"start":{"line":67,"column":16},"end":{"line":67,"column":57}},"type":"if","locations":[{"start":{"line":67,"column":16},"end":{"line":67,"column":57}},{"start":{},"end":{}}],"line":67},"10":{"loc":{"start":{"line":77,"column":4},"end":{"line":77,"column":29}},"type":"if","locations":[{"start":{"line":77,"column":4},"end":{"line":77,"column":29}},{"start":{},"end":{}}],"line":77},"11":{"loc":{"start":{"line":81,"column":4},"end":{"line":83,"column":5}},"type":"if","locations":[{"start":{"line":81,"column":4},"end":{"line":83,"column":5}},{"start":{},"end":{}}],"line":81},"12":{"loc":{"start":{"line":84,"column":4},"end":{"line":86,"column":5}},"type":"if","locations":[{"start":{"line":84,"column":4},"end":{"line":86,"column":5}},{"start":{},"end":{}}],"line":84},"13":{"loc":{"start":{"line":88,"column":4},"end":{"line":90,"column":5}},"type":"if","locations":[{"start":{"line":88,"column":4},"end":{"line":90,"column":5}},{"start":{},"end":{}}],"line":88},"14":{"loc":{"start":{"line":96,"column":4},"end":{"line":102,"column":5}},"type":"if","locations":[{"start":{"line":96,"column":4},"end":{"line":102,"column":5}},{"start":{},"end":{}}],"line":96},"15":{"loc":{"start":{"line":98,"column":23},"end":{"line":98,"column":77}},"type":"cond-expr","locations":[{"start":{"line":98,"column":54},"end":{"line":98,"column":63}},{"start":{"line":98,"column":66},"end":{"line":98,"column":77}}],"line":98},"16":{"loc":{"start":{"line":108,"column":30},"end":{"line":108,"column":66}},"type":"binary-expr","locations":[{"start":{"line":108,"column":31},"end":{"line":108,"column":40}},{"start":{"line":108,"column":44},"end":{"line":108,"column":60}},{"start":{"line":108,"column":65},"end":{"line":108,"column":66}}],"line":108},"17":{"loc":{"start":{"line":109,"column":16},"end":{"line":109,"column":80}},"type":"cond-expr","locations":[{"start":{"line":109,"column":75},"end":{"line":109,"column":76}},{"start":{"line":109,"column":79},"end":{"line":109,"column":80}}],"line":109},"18":{"loc":{"start":{"line":109,"column":16},"end":{"line":109,"column":72}},"type":"binary-expr","locations":[{"start":{"line":109,"column":16},"end":{"line":109,"column":44}},{"start":{"line":109,"column":48},"end":{"line":109,"column":72}}],"line":109},"19":{"loc":{"start":{"line":114,"column":4},"end":{"line":119,"column":5}},"type":"if","locations":[{"start":{"line":114,"column":4},"end":{"line":119,"column":5}},{"start":{},"end":{}}],"line":114},"20":{"loc":{"start":{"line":116,"column":35},"end":{"line":118,"column":20}},"type":"cond-expr","locations":[{"start":{"line":117,"column":14},"end":{"line":117,"column":58}},{"start":{"line":118,"column":14},"end":{"line":118,"column":20}}],"line":116},"21":{"loc":{"start":{"line":129,"column":4},"end":{"line":131,"column":5}},"type":"if","locations":[{"start":{"line":129,"column":4},"end":{"line":131,"column":5}},{"start":{},"end":{}}],"line":129},"22":{"loc":{"start":{"line":144,"column":8},"end":{"line":146,"column":9}},"type":"if","locations":[{"start":{"line":144,"column":8},"end":{"line":146,"column":9}},{"start":{},"end":{}}],"line":144},"23":{"loc":{"start":{"line":153,"column":8},"end":{"line":158,"column":9}},"type":"if","locations":[{"start":{"line":153,"column":8},"end":{"line":158,"column":9}},{"start":{},"end":{}}],"line":153},"24":{"loc":{"start":{"line":153,"column":12},"end":{"line":153,"column":51}},"type":"binary-expr","locations":[{"start":{"line":153,"column":13},"end":{"line":153,"column":23}},{"start":{"line":153,"column":27},"end":{"line":153,"column":40}},{"start":{"line":153,"column":45},"end":{"line":153,"column":51}}],"line":153},"25":{"loc":{"start":{"line":155,"column":12},"end":{"line":157,"column":13}},"type":"if","locations":[{"start":{"line":155,"column":12},"end":{"line":157,"column":13}},{"start":{},"end":{}}],"line":155},"26":{"loc":{"start":{"line":163,"column":21},"end":{"line":163,"column":72}},"type":"binary-expr","locations":[{"start":{"line":163,"column":21},"end":{"line":163,"column":66}},{"start":{"line":163,"column":70},"end":{"line":163,"column":72}}],"line":163},"27":{"loc":{"start":{"line":172,"column":12},"end":{"line":178,"column":13}},"type":"if","locations":[{"start":{"line":172,"column":12},"end":{"line":178,"column":13}},{"start":{},"end":{}}],"line":172},"28":{"loc":{"start":{"line":181,"column":16},"end":{"line":187,"column":17}},"type":"if","locations":[{"start":{"line":181,"column":16},"end":{"line":187,"column":17}},{"start":{},"end":{}}],"line":181},"29":{"loc":{"start":{"line":189,"column":16},"end":{"line":191,"column":17}},"type":"if","locations":[{"start":{"line":189,"column":16},"end":{"line":191,"column":17}},{"start":{},"end":{}}],"line":189},"30":{"loc":{"start":{"line":189,"column":20},"end":{"line":189,"column":65}},"type":"binary-expr","locations":[{"start":{"line":189,"column":20},"end":{"line":189,"column":42}},{"start":{"line":189,"column":46},"end":{"line":189,"column":65}}],"line":189},"31":{"loc":{"start":{"line":194,"column":16},"end":{"line":197,"column":17}},"type":"if","locations":[{"start":{"line":194,"column":16},"end":{"line":197,"column":17}},{"start":{},"end":{}}],"line":194},"32":{"loc":{"start":{"line":214,"column":4},"end":{"line":214,"column":53}},"type":"if","locations":[{"start":{"line":214,"column":4},"end":{"line":214,"column":53}},{"start":{},"end":{}}],"line":214},"33":{"loc":{"start":{"line":214,"column":8},"end":{"line":214,"column":39}},"type":"binary-expr","locations":[{"start":{"line":214,"column":8},"end":{"line":214,"column":12}},{"start":{"line":214,"column":16},"end":{"line":214,"column":39}}],"line":214},"34":{"loc":{"start":{"line":215,"column":14},"end":{"line":215,"column":64}},"type":"cond-expr","locations":[{"start":{"line":215,"column":48},"end":{"line":215,"column":59}},{"start":{"line":215,"column":62},"end":{"line":215,"column":64}}],"line":215},"35":{"loc":{"start":{"line":216,"column":14},"end":{"line":216,"column":84}},"type":"cond-expr","locations":[{"start":{"line":216,"column":58},"end":{"line":216,"column":79}},{"start":{"line":216,"column":82},"end":{"line":216,"column":84}}],"line":216},"36":{"loc":{"start":{"line":217,"column":16},"end":{"line":217,"column":70}},"type":"cond-expr","locations":[{"start":{"line":217,"column":42},"end":{"line":217,"column":62}},{"start":{"line":217,"column":66},"end":{"line":217,"column":70}}],"line":217},"37":{"loc":{"start":{"line":217,"column":17},"end":{"line":217,"column":37}},"type":"binary-expr","locations":[{"start":{"line":217,"column":17},"end":{"line":217,"column":25}},{"start":{"line":217,"column":29},"end":{"line":217,"column":37}}],"line":217},"38":{"loc":{"start":{"line":217,"column":42},"end":{"line":217,"column":62}},"type":"binary-expr","locations":[{"start":{"line":217,"column":42},"end":{"line":217,"column":50}},{"start":{"line":217,"column":54},"end":{"line":217,"column":62}}],"line":217},"39":{"loc":{"start":{"line":242,"column":20},"end":{"line":245,"column":21}},"type":"if","locations":[{"start":{"line":242,"column":20},"end":{"line":245,"column":21}},{"start":{},"end":{}}],"line":242},"40":{"loc":{"start":{"line":266,"column":62},"end":{"line":266,"column":76}},"type":"default-arg","locations":[{"start":{"line":266,"column":74},"end":{"line":266,"column":76}}],"line":266},"41":{"loc":{"start":{"line":296,"column":53},"end":{"line":296,"column":113}},"type":"cond-expr","locations":[{"start":{"line":296,"column":82},"end":{"line":296,"column":88}},{"start":{"line":296,"column":91},"end":{"line":296,"column":113}}],"line":296},"42":{"loc":{"start":{"line":298,"column":31},"end":{"line":298,"column":41}},"type":"binary-expr","locations":[{"start":{"line":298,"column":31},"end":{"line":298,"column":35}},{"start":{"line":298,"column":39},"end":{"line":298,"column":41}}],"line":298},"43":{"loc":{"start":{"line":302,"column":8},"end":{"line":302,"column":50}},"type":"if","locations":[{"start":{"line":302,"column":8},"end":{"line":302,"column":50}},{"start":{},"end":{}}],"line":302},"44":{"loc":{"start":{"line":303,"column":8},"end":{"line":303,"column":80}},"type":"if","locations":[{"start":{"line":303,"column":8},"end":{"line":303,"column":80}},{"start":{},"end":{}}],"line":303},"45":{"loc":{"start":{"line":303,"column":12},"end":{"line":303,"column":65}},"type":"binary-expr","locations":[{"start":{"line":303,"column":12},"end":{"line":303,"column":38}},{"start":{"line":303,"column":42},"end":{"line":303,"column":65}}],"line":303},"46":{"loc":{"start":{"line":311,"column":4},"end":{"line":315,"column":5}},"type":"if","locations":[{"start":{"line":311,"column":4},"end":{"line":315,"column":5}},{"start":{},"end":{}}],"line":311},"47":{"loc":{"start":{"line":333,"column":40},"end":{"line":333,"column":59}},"type":"binary-expr","locations":[{"start":{"line":333,"column":40},"end":{"line":333,"column":52}},{"start":{"line":333,"column":56},"end":{"line":333,"column":59}}],"line":333}},"s":{"0":1,"1":1,"2":1,"3":1,"4":1,"5":1,"6":1,"7":1,"8":1,"9":1,"10":0,"11":0,"12":0,"13":0,"14":2,"15":2,"16":0,"17":0,"18":2,"19":2,"20":2,"21":2,"22":2,"23":2,"24":2,"25":2,"26":2,"27":2,"28":2,"29":0,"30":0,"31":0,"32":0,"33":0,"34":0,"35":0,"36":0,"37":0,"38":0,"39":0,"40":0,"41":2,"42":0,"43":2,"44":2,"45":0,"46":2,"47":0,"48":2,"49":2,"50":0,"51":2,"52":2,"53":2,"54":2,"55":2,"56":0,"57":2,"58":2,"59":2,"60":2,"61":2,"62":2,"63":2,"64":2,"65":0,"66":0,"67":2,"68":2,"69":2,"70":2,"71":2,"72":2,"73":0,"74":0,"75":0,"76":0,"77":0,"78":2,"79":0,"80":2,"81":0,"82":0,"83":0,"84":0,"85":2,"86":2,"87":2,"88":2,"89":2,"90":2,"91":0,"92":0,"93":0,"94":2,"95":2,"96":2,"97":2,"98":2,"99":2,"100":2,"101":0,"102":0,"103":0,"104":2,"105":0,"106":0,"107":0,"108":1,"109":0,"110":0,"111":0,"112":0,"113":0,"114":0,"115":0,"116":0,"117":0,"118":0,"119":0,"120":0,"121":0,"122":0,"123":0,"124":0,"125":0,"126":0,"127":0,"128":0,"129":0,"130":0,"131":0,"132":0,"133":0,"134":0,"135":0,"136":0,"137":0,"138":0,"139":0,"140":0,"141":0,"142":0,"143":0,"144":0,"145":0,"146":0,"147":0,"148":0,"149":0,"150":0,"151":0,"152":0,"153":0,"154":0,"155":0,"156":0,"157":4,"158":2,"159":2,"160":2,"161":1,"162":1,"163":1,"164":0,"165":0,"166":0,"167":0,"168":0,"169":0,"170":1},"f":{"0":0,"1":0,"2":0,"3":0,"4":2,"5":2,"6":2,"7":0,"8":0,"9":0,"10":2,"11":2,"12":2,"13":0,"14":1,"15":0,"16":0,"17":0,"18":0,"19":0,"20":0,"21":0,"22":0,"23":0,"24":0,"25":4,"26":0,"27":0},"b":{"0":[0,2],"1":[0,0],"2":[0,2],"3":[2,0],"4":[0,2],"5":[2,0],"6":[0,0],"7":[0,0],"8":[0,0],"9":[0,0],"10":[0,2],"11":[0,2],"12":[0,2],"13":[0,2],"14":[2,0],"15":[2,0],"16":[2,2,2],"17":[0,2],"18":[2,0],"19":[0,2],"20":[0,0],"21":[2,0],"22":[0,0],"23":[0,0],"24":[0,0,0],"25":[0,0],"26":[2,2],"27":[0,2],"28":[2,0],"29":[0,0],"30":[0,0],"31":[0,0],"32":[0,0],"33":[0,0],"34":[0,0],"35":[0,0],"36":[0,0],"37":[0,0],"38":[0,0],"39":[0,0],"40":[0],"41":[0,0],"42":[0,0],"43":[0,0],"44":[0,0],"45":[0,0],"46":[2,2],"47":[0,0]},"_coverageSchema":"1a1c01bbd47fc00a2c39e90264f33305004495a9","hash":"b341385b275870c64a1b29d823966fe9bf0392f3"}
,"/Users/thiagomarquez/tiktokLiveMonitor/llm-model.js": {"path":"/Users/thiagomarquez/tiktokLiveMonitor/llm-model.js","statementMap":{"0":{"start":{"line":5,"column":0},"end":{"line":9,"column":2}}},"fnMap":{},"branchMap":{},"s":{"0":1},"f":{},"b":{},"_coverageSchema":"1a1c01bbd47fc00a2c39e90264f33305004495a9","hash":"998554ededad1164d458ec1f89d77702a6dfc5ea"}
,"/Users/thiagomarquez/tiktokLiveMonitor/moderation-prompt.js": {"path":"/Users/thiagomarquez/tiktokLiveMonitor/moderation-prompt.js","statementMap":{"0":{"start":{"line":5,"column":0},"end":{"line":19,"column":13}}},"fnMap":{},"branchMap":{},"s":{"0":2},"f":{},"b":{},"_coverageSchema":"1a1c01bbd47fc00a2c39e90264f33305004495a9","hash":"cf517ed80976e6d83aa345705bb0cbab886eaf36"}
,"/Users/thiagomarquez/tiktokLiveMonitor/moderation.js": {"path":"/Users/thiagomarquez/tiktokLiveMonitor/moderation.js","statementMap":{"0":{"start":{"line":1,"column":31},"end":{"line":1,"column":46}},"1":{"start":{"line":2,"column":47},"end":{"line":2,"column":77}},"2":{"start":{"line":5,"column":16},"end":{"line":5,"column":25}},"3":{"start":{"line":6,"column":21},"end":{"line":6,"column":24}},"4":{"start":{"line":8,"column":32},"end":{"line":8,"column":33}},"5":{"start":{"line":9,"column":34},"end":{"line":9,"column":41}},"6":{"start":{"line":12,"column":4},"end":{"line":16,"column":28}},"7":{"start":{"line":20,"column":14},"end":{"line":20,"column":40}},"8":{"start":{"line":21,"column":17},"end":{"line":21,"column":89}},"9":{"start":{"line":22,"column":23},"end":{"line":22,"column":86}},"10":{"start":{"line":23,"column":21},"end":{"line":29,"column":5}},"11":{"start":{"line":30,"column":4},"end":{"line":30,"column":43}},"12":{"start":{"line":30,"column":31},"end":{"line":30,"column":41}},"13":{"start":{"line":34,"column":14},"end":{"line":34,"column":40}},"14":{"start":{"line":35,"column":17},"end":{"line":35,"column":59}},"15":{"start":{"line":37,"column":20},"end":{"line":48,"column":5}},"16":{"start":{"line":49,"column":4},"end":{"line":49,"column":52}},"17":{"start":{"line":49,"column":27},"end":{"line":49,"column":37}},"18":{"start":{"line":49,"column":40},"end":{"line":49,"column":52}},"19":{"start":{"line":50,"column":4},"end":{"line":50,"column":77}},"20":{"start":{"line":50,"column":65},"end":{"line":50,"column":77}},"21":{"start":{"line":51,"column":4},"end":{"line":51,"column":111}},"22":{"start":{"line":51,"column":99},"end":{"line":51,"column":111}},"23":{"start":{"line":52,"column":4},"end":{"line":52,"column":89}},"24":{"start":{"line":52,"column":77},"end":{"line":52,"column":89}},"25":{"start":{"line":53,"column":4},"end":{"line":53,"column":70}},"26":{"start":{"line":53,"column":58},"end":{"line":53,"column":70}},"27":{"start":{"line":55,"column":4},"end":{"line":55,"column":17}},"28":{"start":{"line":59,"column":14},"end":{"line":59,"column":40}},"29":{"start":{"line":60,"column":15},"end":{"line":60,"column":49}},"30":{"start":{"line":61,"column":20},"end":{"line":61,"column":104}},"31":{"start":{"line":63,"column":4},"end":{"line":63,"column":35}},"32":{"start":{"line":63,"column":23},"end":{"line":63,"column":35}},"33":{"start":{"line":66,"column":4},"end":{"line":66,"column":63}},"34":{"start":{"line":66,"column":51},"end":{"line":66,"column":63}},"35":{"start":{"line":67,"column":4},"end":{"line":67,"column":71}},"36":{"start":{"line":67,"column":59},"end":{"line":67,"column":71}},"37":{"start":{"line":68,"column":4},"end":{"line":68,"column":92}},"38":{"start":{"line":68,"column":80},"end":{"line":68,"column":92}},"39":{"start":{"line":70,"column":20},"end":{"line":70,"column":111}},"40":{"start":{"line":71,"column":4},"end":{"line":71,"column":35}},"41":{"start":{"line":71,"column":23},"end":{"line":71,"column":35}},"42":{"start":{"line":73,"column":4},"end":{"line":73,"column":104}},"43":{"start":{"line":73,"column":92},"end":{"line":73,"column":104}},"44":{"start":{"line":74,"column":4},"end":{"line":74,"column":66}},"45":{"start":{"line":74,"column":54},"end":{"line":74,"column":66}},"46":{"start":{"line":76,"column":4},"end":{"line":76,"column":17}},"47":{"start":{"line":80,"column":4},"end":{"line":80,"column":99}},"48":{"start":{"line":84,"column":4},"end":{"line":84,"column":73}},"49":{"start":{"line":84,"column":60},"end":{"line":84,"column":73}},"50":{"start":{"line":85,"column":22},"end":{"line":85,"column":68}},"51":{"start":{"line":86,"column":17},"end":{"line":86,"column":74}},"52":{"start":{"line":87,"column":4},"end":{"line":87,"column":48}},"53":{"start":{"line":87,"column":28},"end":{"line":87,"column":46}},"54":{"start":{"line":92,"column":14},"end":{"line":92,"column":55}},"55":{"start":{"line":93,"column":4},"end":{"line":95,"column":5}},"56":{"start":{"line":94,"column":8},"end":{"line":94,"column":20}},"57":{"start":{"line":96,"column":4},"end":{"line":98,"column":5}},"58":{"start":{"line":97,"column":8},"end":{"line":97,"column":20}},"59":{"start":{"line":99,"column":4},"end":{"line":99,"column":80}},"60":{"start":{"line":99,"column":68},"end":{"line":99,"column":80}},"61":{"start":{"line":100,"column":4},"end":{"line":100,"column":85}},"62":{"start":{"line":100,"column":73},"end":{"line":100,"column":85}},"63":{"start":{"line":101,"column":4},"end":{"line":101,"column":17}},"64":{"start":{"line":106,"column":14},"end":{"line":106,"column":33}},"65":{"start":{"line":107,"column":4},"end":{"line":107,"column":64}},"66":{"start":{"line":112,"column":14},"end":{"line":112,"column":33}},"67":{"start":{"line":113,"column":4},"end":{"line":113,"column":49}},"68":{"start":{"line":113,"column":37},"end":{"line":113,"column":49}},"69":{"start":{"line":115,"column":21},"end":{"line":115,"column":103}},"70":{"start":{"line":117,"column":8},"end":{"line":117,"column":129}},"71":{"start":{"line":119,"column":8},"end":{"line":121,"column":9}},"72":{"start":{"line":123,"column":8},"end":{"line":125,"column":9}},"73":{"start":{"line":127,"column":8},"end":{"line":128,"column":45}},"74":{"start":{"line":130,"column":4},"end":{"line":130,"column":62}},"75":{"start":{"line":130,"column":50},"end":{"line":130,"column":62}},"76":{"start":{"line":131,"column":4},"end":{"line":131,"column":44}},"77":{"start":{"line":131,"column":32},"end":{"line":131,"column":44}},"78":{"start":{"line":132,"column":4},"end":{"line":132,"column":17}},"79":{"start":{"line":135,"column":24},"end":{"line":142,"column":1}},"80":{"start":{"line":145,"column":19},"end":{"line":145,"column":57}},"81":{"start":{"line":146,"column":4},"end":{"line":146,"column":66}},"82":{"start":{"line":151,"column":16},"end":{"line":151,"column":47}},"83":{"start":{"line":153,"column":4},"end":{"line":155,"column":5}},"84":{"start":{"line":154,"column":8},"end":{"line":154,"column":50}},"85":{"start":{"line":157,"column":22},"end":{"line":164,"column":5}},"86":{"start":{"line":165,"column":4},"end":{"line":169,"column":5}},"87":{"start":{"line":166,"column":8},"end":{"line":168,"column":9}},"88":{"start":{"line":167,"column":12},"end":{"line":167,"column":47}},"89":{"start":{"line":171,"column":20},"end":{"line":171,"column":79}},"90":{"start":{"line":172,"column":4},"end":{"line":174,"column":5}},"91":{"start":{"line":173,"column":8},"end":{"line":173,"column":59}},"92":{"start":{"line":176,"column":4},"end":{"line":176,"column":46}},"93":{"start":{"line":180,"column":4},"end":{"line":182,"column":5}},"94":{"start":{"line":181,"column":8},"end":{"line":181,"column":55}},"95":{"start":{"line":183,"column":18},"end":{"line":183,"column":42}},"96":{"start":{"line":184,"column":4},"end":{"line":186,"column":20}},"97":{"start":{"line":185,"column":20},"end":{"line":185,"column":92}},"98":{"start":{"line":190,"column":25},"end":{"line":190,"column":53}},"99":{"start":{"line":195,"column":19},"end":{"line":195,"column":45}},"100":{"start":{"line":198,"column":4},"end":{"line":200,"column":5}},"101":{"start":{"line":199,"column":8},"end":{"line":199,"column":109}},"102":{"start":{"line":201,"column":4},"end":{"line":203,"column":5}},"103":{"start":{"line":202,"column":8},"end":{"line":202,"column":100}},"104":{"start":{"line":206,"column":26},"end":{"line":206,"column":71}},"105":{"start":{"line":207,"column":21},"end":{"line":207,"column":58}},"106":{"start":{"line":208,"column":25},"end":{"line":208,"column":59}},"107":{"start":{"line":209,"column":4},"end":{"line":211,"column":5}},"108":{"start":{"line":210,"column":8},"end":{"line":210,"column":34}},"109":{"start":{"line":213,"column":4},"end":{"line":215,"column":5}},"110":{"start":{"line":214,"column":8},"end":{"line":214,"column":34}},"111":{"start":{"line":218,"column":23},"end":{"line":218,"column":43}},"112":{"start":{"line":219,"column":4},"end":{"line":221,"column":5}},"113":{"start":{"line":220,"column":8},"end":{"line":220,"column":39}},"114":{"start":{"line":224,"column":4},"end":{"line":244,"column":5}},"115":{"start":{"line":226,"column":12},"end":{"line":228,"column":62}},"116":{"start":{"line":230,"column":20},"end":{"line":230,"column":96}},"117":{"start":{"line":231,"column":38},"end":{"line":231,"column":69}},"118":{"start":{"line":232,"column":23},"end":{"line":232,"column":90}},"119":{"start":{"line":234,"column":23},"end":{"line":234,"column":52}},"120":{"start":{"line":236,"column":8},"end":{"line":236,"column":40}},"121":{"start":{"line":237,"column":8},"end":{"line":237,"column":85}},"122":{"start":{"line":237,"column":41},"end":{"line":237,"column":85}},"123":{"start":{"line":239,"column":8},"end":{"line":239,"column":22}},"124":{"start":{"line":241,"column":8},"end":{"line":241,"column":75}},"125":{"start":{"line":242,"column":8},"end":{"line":242,"column":69}},"126":{"start":{"line":243,"column":8},"end":{"line":243,"column":34}},"127":{"start":{"line":248,"column":4},"end":{"line":248,"column":20}},"128":{"start":{"line":249,"column":4},"end":{"line":249,"column":34}},"129":{"start":{"line":252,"column":0},"end":{"line":252,"column":58}}},"fnMap":{"0":{"name":"foldChatText","decl":{"start":{"line":11,"column":9},"end":{"line":11,"column":21}},"loc":{"start":{"line":11,"column":28},"end":{"line":17,"column":1}},"line":11},"1":{"name":"looksObviousAttackOnAfroBrazilianReligion","decl":{"start":{"line":19,"column":9},"end":{"line":19,"column":50}},"loc":{"start":{"line":19,"column":65},"end":{"line":31,"column":1}},"line":19},"2":{"name":"(anonymous_2)","decl":{"start":{"line":30,"column":25},"end":{"line":30,"column":26}},"loc":{"start":{"line":30,"column":31},"end":{"line":30,"column":41}},"line":30},"3":{"name":"looksExplicitChristianProselytizing","decl":{"start":{"line":33,"column":9},"end":{"line":33,"column":44}},"loc":{"start":{"line":33,"column":59},"end":{"line":56,"column":1}},"line":33},"4":{"name":"(anonymous_4)","decl":{"start":{"line":49,"column":21},"end":{"line":49,"column":22}},"loc":{"start":{"line":49,"column":27},"end":{"line":49,"column":37}},"line":49},"5":{"name":"passesChristianModerationAiGate","decl":{"start":{"line":58,"column":9},"end":{"line":58,"column":40}},"loc":{"start":{"line":58,"column":55},"end":{"line":77,"column":1}},"line":58},"6":{"name":"hasExternalShortlinkOrMessenger","decl":{"start":{"line":79,"column":9},"end":{"line":79,"column":40}},"loc":{"start":{"line":79,"column":53},"end":{"line":81,"column":1}},"line":79},"7":{"name":"hasNonTiktokHttpLink","decl":{"start":{"line":83,"column":9},"end":{"line":83,"column":29}},"loc":{"start":{"line":83,"column":42},"end":{"line":88,"column":1}},"line":83},"8":{"name":"(anonymous_8)","decl":{"start":{"line":87,"column":21},"end":{"line":87,"column":22}},"loc":{"start":{"line":87,"column":28},"end":{"line":87,"column":46}},"line":87},"9":{"name":"passesSpamScamAiGate","decl":{"start":{"line":91,"column":9},"end":{"line":91,"column":29}},"loc":{"start":{"line":91,"column":57},"end":{"line":102,"column":1}},"line":91},"10":{"name":"passesRegionalSlurAiGate","decl":{"start":{"line":105,"column":9},"end":{"line":105,"column":33}},"loc":{"start":{"line":105,"column":49},"end":{"line":108,"column":1}},"line":105},"11":{"name":"passesPersonalAttackAiGate","decl":{"start":{"line":111,"column":9},"end":{"line":111,"column":35}},"loc":{"start":{"line":111,"column":51},"end":{"line":133,"column":1}},"line":111},"12":{"name":"normalizeModerationKeyword","decl":{"start":{"line":144,"column":9},"end":{"line":144,"column":35}},"loc":{"start":{"line":144,"column":41},"end":{"line":147,"column":1}},"line":144},"13":{"name":"parseBinaryReligiousAnswer","decl":{"start":{"line":150,"column":9},"end":{"line":150,"column":35}},"loc":{"start":{"line":150,"column":41},"end":{"line":177,"column":1}},"line":150},"14":{"name":"recentChatBlock","decl":{"start":{"line":179,"column":9},"end":{"line":179,"column":24}},"loc":{"start":{"line":179,"column":49},"end":{"line":187,"column":1}},"line":179},"15":{"name":"(anonymous_15)","decl":{"start":{"line":185,"column":13},"end":{"line":185,"column":14}},"loc":{"start":{"line":185,"column":20},"end":{"line":185,"column":92}},"line":185},"16":{"name":"analyzeMessage","decl":{"start":{"line":189,"column":15},"end":{"line":189,"column":29}},"loc":{"start":{"line":189,"column":71},"end":{"line":245,"column":1}},"line":189},"17":{"name":"clearModerationCache","decl":{"start":{"line":247,"column":9},"end":{"line":247,"column":29}},"loc":{"start":{"line":247,"column":32},"end":{"line":250,"column":1}},"line":247}},"branchMap":{"0":{"loc":{"start":{"line":12,"column":18},"end":{"line":12,"column":28}},"type":"binary-expr","locations":[{"start":{"line":12,"column":18},"end":{"line":12,"column":22}},{"start":{"line":12,"column":26},"end":{"line":12,"column":28}}],"line":12},"1":{"loc":{"start":{"line":49,"column":4},"end":{"line":49,"column":52}},"type":"if","locations":[{"start":{"line":49,"column":4},"end":{"line":49,"column":52}},{"start":{},"end":{}}],"line":49},"2":{"loc":{"start":{"line":50,"column":4},"end":{"line":50,"column":77}},"type":"if","locations":[{"start":{"line":50,"column":4},"end":{"line":50,"column":77}},{"start":{},"end":{}}],"line":50},"3":{"loc":{"start":{"line":50,"column":8},"end":{"line":50,"column":63}},"type":"binary-expr","locations":[{"start":{"line":50,"column":8},"end":{"line":50,"column":20}},{"start":{"line":50,"column":24},"end":{"line":50,"column":63}}],"line":50},"4":{"loc":{"start":{"line":51,"column":4},"end":{"line":51,"column":111}},"type":"if","locations":[{"start":{"line":51,"column":4},"end":{"line":51,"column":111}},{"start":{},"end":{}}],"line":51},"5":{"loc":{"start":{"line":51,"column":8},"end":{"line":51,"column":97}},"type":"binary-expr","locations":[{"start":{"line":51,"column":8},"end":{"line":51,"column":56}},{"start":{"line":51,"column":60},"end":{"line":51,"column":97}}],"line":51},"6":{"loc":{"start":{"line":52,"column":4},"end":{"line":52,"column":89}},"type":"if","locations":[{"start":{"line":52,"column":4},"end":{"line":52,"column":89}},{"start":{},"end":{}}],"line":52},"7":{"loc":{"start":{"line":53,"column":4},"end":{"line":53,"column":70}},"type":"if","locations":[{"start":{"line":53,"column":4},"end":{"line":53,"column":70}},{"start":{},"end":{}}],"line":53},"8":{"loc":{"start":{"line":63,"column":4},"end":{"line":63,"column":35}},"type":"if","locations":[{"start":{"line":63,"column":4},"end":{"line":63,"column":35}},{"start":{},"end":{}}],"line":63},"9":{"loc":{"start":{"line":63,"column":8},"end":{"line":63,"column":21}},"type":"binary-expr","locations":[{"start":{"line":63,"column":8},"end":{"line":63,"column":10}},{"start":{"line":63,"column":14},"end":{"line":63,"column":21}}],"line":63},"10":{"loc":{"start":{"line":66,"column":4},"end":{"line":66,"column":63}},"type":"if","locations":[{"start":{"line":66,"column":4},"end":{"line":66,"column":63}},{"start":{},"end":{}}],"line":66},"11":{"loc":{"start":{"line":67,"column":4},"end":{"line":67,"column":71}},"type":"if","locations":[{"start":{"line":67,"column":4},"end":{"line":67,"column":71}},{"start":{},"end":{}}],"line":67},"12":{"loc":{"start":{"line":68,"column":4},"end":{"line":68,"column":92}},"type":"if","locations":[{"start":{"line":68,"column":4},"end":{"line":68,"column":92}},{"start":{},"end":{}}],"line":68},"13":{"loc":{"start":{"line":68,"column":8},"end":{"line":68,"column":78}},"type":"binary-expr","locations":[{"start":{"line":68,"column":8},"end":{"line":68,"column":41}},{"start":{"line":68,"column":45},"end":{"line":68,"column":78}}],"line":68},"14":{"loc":{"start":{"line":71,"column":4},"end":{"line":71,"column":35}},"type":"if","locations":[{"start":{"line":71,"column":4},"end":{"line":71,"column":35}},{"start":{},"end":{}}],"line":71},"15":{"loc":{"start":{"line":71,"column":8},"end":{"line":71,"column":21}},"type":"binary-expr","locations":[{"start":{"line":71,"column":8},"end":{"line":71,"column":10}},{"start":{"line":71,"column":14},"end":{"line":71,"column":21}}],"line":71},"16":{"loc":{"start":{"line":73,"column":4},"end":{"line":73,"column":104}},"type":"if","locations":[{"start":{"line":73,"column":4},"end":{"line":73,"column":104}},{"start":{},"end":{}}],"line":73},"17":{"loc":{"start":{"line":73,"column":8},"end":{"line":73,"column":90}},"type":"binary-expr","locations":[{"start":{"line":73,"column":8},"end":{"line":73,"column":26}},{"start":{"line":73,"column":30},"end":{"line":73,"column":90}}],"line":73},"18":{"loc":{"start":{"line":74,"column":4},"end":{"line":74,"column":66}},"type":"if","locations":[{"start":{"line":74,"column":4},"end":{"line":74,"column":66}},{"start":{},"end":{}}],"line":74},"19":{"loc":{"start":{"line":74,"column":8},"end":{"line":74,"column":52}},"type":"binary-expr","locations":[{"start":{"line":74,"column":8},"end":{"line":74,"column":28}},{"start":{"line":74,"column":32},"end":{"line":74,"column":52}}],"line":74},"20":{"loc":{"start":{"line":84,"column":4},"end":{"line":84,"column":73}},"type":"if","locations":[{"start":{"line":84,"column":4},"end":{"line":84,"column":73}},{"start":{},"end":{}}],"line":84},"21":{"loc":{"start":{"line":86,"column":17},"end":{"line":86,"column":74}},"type":"binary-expr","locations":[{"start":{"line":86,"column":17},"end":{"line":86,"column":68}},{"start":{"line":86,"column":72},"end":{"line":86,"column":74}}],"line":86},"22":{"loc":{"start":{"line":92,"column":14},"end":{"line":92,"column":55}},"type":"binary-expr","locations":[{"start":{"line":92,"column":14},"end":{"line":92,"column":27}},{"start":{"line":92,"column":31},"end":{"line":92,"column":55}}],"line":92},"23":{"loc":{"start":{"line":93,"column":4},"end":{"line":95,"column":5}},"type":"if","locations":[{"start":{"line":93,"column":4},"end":{"line":95,"column":5}},{"start":{},"end":{}}],"line":93},"24":{"loc":{"start":{"line":93,"column":8},"end":{"line":93,"column":87}},"type":"binary-expr","locations":[{"start":{"line":93,"column":8},"end":{"line":93,"column":51}},{"start":{"line":93,"column":55},"end":{"line":93,"column":87}}],"line":93},"25":{"loc":{"start":{"line":96,"column":4},"end":{"line":98,"column":5}},"type":"if","locations":[{"start":{"line":96,"column":4},"end":{"line":98,"column":5}},{"start":{},"end":{}}],"line":96},"26":{"loc":{"start":{"line":99,"column":4},"end":{"line":99,"column":80}},"type":"if","locations":[{"start":{"line":99,"column":4},"end":{"line":99,"column":80}},{"start":{},"end":{}}],"line":99},"27":{"loc":{"start":{"line":100,"column":4},"end":{"line":100,"column":85}},"type":"if","locations":[{"start":{"line":100,"column":4},"end":{"line":100,"column":85}},{"start":{},"end":{}}],"line":100},"28":{"loc":{"start":{"line":100,"column":8},"end":{"line":100,"column":71}},"type":"binary-expr","locations":[{"start":{"line":100,"column":8},"end":{"line":100,"column":36}},{"start":{"line":100,"column":40},"end":{"line":100,"column":71}}],"line":100},"29":{"loc":{"start":{"line":106,"column":14},"end":{"line":106,"column":33}},"type":"binary-expr","locations":[{"start":{"line":106,"column":14},"end":{"line":106,"column":27}},{"start":{"line":106,"column":31},"end":{"line":106,"column":33}}],"line":106},"30":{"loc":{"start":{"line":112,"column":14},"end":{"line":112,"column":33}},"type":"binary-expr","locations":[{"start":{"line":112,"column":14},"end":{"line":112,"column":27}},{"start":{"line":112,"column":31},"end":{"line":112,"column":33}}],"line":112},"31":{"loc":{"start":{"line":113,"column":4},"end":{"line":113,"column":49}},"type":"if","locations":[{"start":{"line":113,"column":4},"end":{"line":113,"column":49}},{"start":{},"end":{}}],"line":113},"32":{"loc":{"start":{"line":127,"column":8},"end":{"line":128,"column":45}},"type":"binary-expr","locations":[{"start":{"line":127,"column":8},"end":{"line":127,"column":60}},{"start":{"line":128,"column":8},"end":{"line":128,"column":45}}],"line":127},"33":{"loc":{"start":{"line":130,"column":4},"end":{"line":130,"column":62}},"type":"if","locations":[{"start":{"line":130,"column":4},"end":{"line":130,"column":62}},{"start":{},"end":{}}],"line":130},"34":{"loc":{"start":{"line":130,"column":8},"end":{"line":130,"column":48}},"type":"binary-expr","locations":[{"start":{"line":130,"column":8},"end":{"line":130,"column":18}},{"start":{"line":130,"column":22},"end":{"line":130,"column":32}},{"start":{"line":130,"column":36},"end":{"line":130,"column":48}}],"line":130},"35":{"loc":{"start":{"line":131,"column":4},"end":{"line":131,"column":44}},"type":"if","locations":[{"start":{"line":131,"column":4},"end":{"line":131,"column":44}},{"start":{},"end":{}}],"line":131},"36":{"loc":{"start":{"line":131,"column":8},"end":{"line":131,"column":30}},"type":"binary-expr","locations":[{"start":{"line":131,"column":8},"end":{"line":131,"column":16}},{"start":{"line":131,"column":20},"end":{"line":131,"column":30}}],"line":131},"37":{"loc":{"start":{"line":145,"column":39},"end":{"line":145,"column":48}},"type":"binary-expr","locations":[{"start":{"line":145,"column":39},"end":{"line":145,"column":42}},{"start":{"line":145,"column":46},"end":{"line":145,"column":48}}],"line":145},"38":{"loc":{"start":{"line":153,"column":4},"end":{"line":155,"column":5}},"type":"if","locations":[{"start":{"line":153,"column":4},"end":{"line":155,"column":5}},{"start":{},"end":{}}],"line":153},"39":{"loc":{"start":{"line":153,"column":8},"end":{"line":153,"column":37}},"type":"binary-expr","locations":[{"start":{"line":153,"column":8},"end":{"line":153,"column":12}},{"start":{"line":153,"column":16},"end":{"line":153,"column":37}}],"line":153},"40":{"loc":{"start":{"line":166,"column":8},"end":{"line":168,"column":9}},"type":"if","locations":[{"start":{"line":166,"column":8},"end":{"line":168,"column":9}},{"start":{},"end":{}}],"line":166},"41":{"loc":{"start":{"line":166,"column":12},"end":{"line":166,"column":52}},"type":"binary-expr","locations":[{"start":{"line":166,"column":12},"end":{"line":166,"column":26}},{"start":{"line":166,"column":30},"end":{"line":166,"column":52}}],"line":166},"42":{"loc":{"start":{"line":171,"column":40},"end":{"line":171,"column":49}},"type":"binary-expr","locations":[{"start":{"line":171,"column":40},"end":{"line":171,"column":43}},{"start":{"line":171,"column":47},"end":{"line":171,"column":49}}],"line":171},"43":{"loc":{"start":{"line":172,"column":4},"end":{"line":174,"column":5}},"type":"if","locations":[{"start":{"line":172,"column":4},"end":{"line":174,"column":5}},{"start":{},"end":{}}],"line":172},"44":{"loc":{"start":{"line":179,"column":37},"end":{"line":179,"column":47}},"type":"default-arg","locations":[{"start":{"line":179,"column":45},"end":{"line":179,"column":47}}],"line":179},"45":{"loc":{"start":{"line":180,"column":4},"end":{"line":182,"column":5}},"type":"if","locations":[{"start":{"line":180,"column":4},"end":{"line":182,"column":5}},{"start":{},"end":{}}],"line":180},"46":{"loc":{"start":{"line":180,"column":8},"end":{"line":180,"column":61}},"type":"binary-expr","locations":[{"start":{"line":180,"column":8},"end":{"line":180,"column":34}},{"start":{"line":180,"column":38},"end":{"line":180,"column":61}}],"line":180},"47":{"loc":{"start":{"line":185,"column":30},"end":{"line":185,"column":61}},"type":"binary-expr","locations":[{"start":{"line":185,"column":30},"end":{"line":185,"column":40}},{"start":{"line":185,"column":44},"end":{"line":185,"column":54}},{"start":{"line":185,"column":58},"end":{"line":185,"column":61}}],"line":185},"48":{"loc":{"start":{"line":185,"column":74},"end":{"line":185,"column":89}},"type":"binary-expr","locations":[{"start":{"line":185,"column":74},"end":{"line":185,"column":83}},{"start":{"line":185,"column":87},"end":{"line":185,"column":89}}],"line":185},"49":{"loc":{"start":{"line":198,"column":4},"end":{"line":200,"column":5}},"type":"if","locations":[{"start":{"line":198,"column":4},"end":{"line":200,"column":5}},{"start":{},"end":{}}],"line":198},"50":{"loc":{"start":{"line":201,"column":4},"end":{"line":203,"column":5}},"type":"if","locations":[{"start":{"line":201,"column":4},"end":{"line":203,"column":5}},{"start":{},"end":{}}],"line":201},"51":{"loc":{"start":{"line":209,"column":4},"end":{"line":211,"column":5}},"type":"if","locations":[{"start":{"line":209,"column":4},"end":{"line":211,"column":5}},{"start":{},"end":{}}],"line":209},"52":{"loc":{"start":{"line":209,"column":8},"end":{"line":209,"column":52}},"type":"binary-expr","locations":[{"start":{"line":209,"column":8},"end":{"line":209,"column":22}},{"start":{"line":209,"column":26},"end":{"line":209,"column":35}},{"start":{"line":209,"column":39},"end":{"line":209,"column":52}}],"line":209},"53":{"loc":{"start":{"line":213,"column":4},"end":{"line":215,"column":5}},"type":"if","locations":[{"start":{"line":213,"column":4},"end":{"line":215,"column":5}},{"start":{},"end":{}}],"line":213},"54":{"loc":{"start":{"line":219,"column":4},"end":{"line":221,"column":5}},"type":"if","locations":[{"start":{"line":219,"column":4},"end":{"line":221,"column":5}},{"start":{},"end":{}}],"line":219},"55":{"loc":{"start":{"line":227,"column":51},"end":{"line":227,"column":77}},"type":"binary-expr","locations":[{"start":{"line":227,"column":51},"end":{"line":227,"column":59}},{"start":{"line":227,"column":63},"end":{"line":227,"column":71}},{"start":{"line":227,"column":75},"end":{"line":227,"column":77}}],"line":227},"56":{"loc":{"start":{"line":232,"column":23},"end":{"line":232,"column":90}},"type":"cond-expr","locations":[{"start":{"line":232,"column":33},"end":{"line":232,"column":83}},{"start":{"line":232,"column":86},"end":{"line":232,"column":90}}],"line":232},"57":{"loc":{"start":{"line":232,"column":33},"end":{"line":232,"column":83}},"type":"binary-expr","locations":[{"start":{"line":232,"column":33},"end":{"line":232,"column":58}},{"start":{"line":232,"column":62},"end":{"line":232,"column":83}}],"line":232},"58":{"loc":{"start":{"line":237,"column":8},"end":{"line":237,"column":85}},"type":"if","locations":[{"start":{"line":237,"column":8},"end":{"line":237,"column":85}},{"start":{},"end":{}}],"line":237}},"s":{"0":1,"1":1,"2":1,"3":1,"4":1,"5":1,"6":141,"7":37,"8":37,"9":37,"10":37,"11":37,"12":175,"13":34,"14":34,"15":34,"16":34,"17":556,"18":10,"19":24,"20":0,"21":24,"22":1,"23":23,"24":0,"25":23,"26":0,"27":23,"28":23,"29":23,"30":23,"31":23,"32":0,"33":23,"34":0,"35":23,"36":0,"37":23,"38":0,"39":23,"40":23,"41":0,"42":23,"43":0,"44":23,"45":0,"46":23,"47":23,"48":21,"49":21,"50":0,"51":0,"52":0,"53":0,"54":23,"55":23,"56":2,"57":21,"58":1,"59":20,"60":1,"61":19,"62":0,"63":19,"64":23,"65":23,"66":23,"67":23,"68":2,"69":21,"70":21,"71":21,"72":21,"73":21,"74":21,"75":3,"76":18,"77":1,"78":17,"79":1,"80":10,"81":10,"82":10,"83":10,"84":1,"85":9,"86":9,"87":23,"88":9,"89":0,"90":0,"91":0,"92":0,"93":10,"94":10,"95":0,"96":0,"97":0,"98":37,"99":37,"100":37,"101":3,"102":34,"103":11,"104":23,"105":23,"106":23,"107":23,"108":13,"109":10,"110":0,"111":10,"112":10,"113":0,"114":10,"115":10,"116":10,"117":10,"118":10,"119":10,"120":10,"121":10,"122":0,"123":10,"124":0,"125":0,"126":0,"127":35,"128":35,"129":1},"f":{"0":141,"1":37,"2":175,"3":34,"4":556,"5":23,"6":23,"7":21,"8":0,"9":23,"10":23,"11":23,"12":10,"13":10,"14":10,"15":0,"16":37,"17":35},"b":{"0":[141,0],"1":[10,24],"2":[0,24],"3":[24,2],"4":[1,23],"5":[24,23],"6":[0,23],"7":[0,23],"8":[0,23],"9":[23,0],"10":[0,23],"11":[0,23],"12":[0,23],"13":[23,1],"14":[0,23],"15":[23,0],"16":[0,23],"17":[23,1],"18":[0,23],"19":[23,23],"20":[21,0],"21":[0,0],"22":[23,0],"23":[2,21],"24":[23,21],"25":[1,20],"26":[1,19],"27":[0,19],"28":[19,0],"29":[23,0],"30":[23,0],"31":[2,21],"32":[21,0],"33":[3,18],"34":[21,20,18],"35":[1,17],"36":[18,1],"37":[10,0],"38":[1,9],"39":[10,10],"40":[9,14],"41":[23,14],"42":[0,0],"43":[0,0],"44":[10],"45":[10,0],"46":[10,10],"47":[0,0,0],"48":[0,0],"49":[3,34],"50":[11,23],"51":[13,10],"52":[23,23,19],"53":[0,10],"54":[0,10],"55":[10,0,0],"56":[9,1],"57":[9,0],"58":[0,10]},"_coverageSchema":"1a1c01bbd47fc00a2c39e90264f33305004495a9","hash":"299928f6ce04b3464a7ac9cbe6aa559957e601fc"}
,"/Users/thiagomarquez/tiktokLiveMonitor/server.js": {"path":"/Users/thiagomarquez/tiktokLiveMonitor/server.js","statementMap":{"0":{"start":{"line":1,"column":13},"end":{"line":1,"column":28}},"1":{"start":{"line":2,"column":11},"end":{"line":2,"column":24}},"2":{"start":{"line":3,"column":13},"end":{"line":3,"column":28}},"3":{"start":{"line":4,"column":18},"end":{"line":4,"column":42}},"4":{"start":{"line":5,"column":16},"end":{"line":5,"column":30}},"5":{"start":{"line":6,"column":34},"end":{"line":6,"column":66}},"6":{"start":{"line":7,"column":75},"end":{"line":7,"column":98}},"7":{"start":{"line":8,"column":28},"end":{"line":8,"column":43}},"8":{"start":{"line":10,"column":13},"end":{"line":10,"column":42}},"9":{"start":{"line":11,"column":13},"end":{"line":11,"column":45}},"10":{"start":{"line":12,"column":17},"end":{"line":12,"column":26}},"11":{"start":{"line":15,"column":4},"end":{"line":15,"column":16}},"12":{"start":{"line":18,"column":0},"end":{"line":18,"column":65}},"13":{"start":{"line":20,"column":23},"end":{"line":20,"column":27}},"14":{"start":{"line":21,"column":22},"end":{"line":21,"column":26}},"15":{"start":{"line":22,"column":17},"end":{"line":22,"column":19}},"16":{"start":{"line":23,"column":25},"end":{"line":23,"column":34}},"17":{"start":{"line":24,"column":30},"end":{"line":24,"column":39}},"18":{"start":{"line":25,"column":29},"end":{"line":25,"column":38}},"19":{"start":{"line":26,"column":21},"end":{"line":26,"column":30}},"20":{"start":{"line":27,"column":23},"end":{"line":27,"column":32}},"21":{"start":{"line":28,"column":19},"end":{"line":28,"column":28}},"22":{"start":{"line":31,"column":4},"end":{"line":33,"column":7}},"23":{"start":{"line":37,"column":20},"end":{"line":37,"column":88}},"24":{"start":{"line":39,"column":4},"end":{"line":41,"column":5}},"25":{"start":{"line":40,"column":8},"end":{"line":40,"column":93}},"26":{"start":{"line":43,"column":4},"end":{"line":45,"column":5}},"27":{"start":{"line":44,"column":8},"end":{"line":44,"column":111}},"28":{"start":{"line":47,"column":4},"end":{"line":49,"column":5}},"29":{"start":{"line":48,"column":8},"end":{"line":48,"column":89}},"30":{"start":{"line":51,"column":4},"end":{"line":51,"column":19}},"31":{"start":{"line":55,"column":4},"end":{"line":55,"column":53}},"32":{"start":{"line":59,"column":4},"end":{"line":59,"column":90}},"33":{"start":{"line":60,"column":4},"end":{"line":60,"column":42}},"34":{"start":{"line":64,"column":4},"end":{"line":84,"column":7}},"35":{"start":{"line":65,"column":19},"end":{"line":65,"column":21}},"36":{"start":{"line":67,"column":8},"end":{"line":73,"column":11}},"37":{"start":{"line":68,"column":12},"end":{"line":68,"column":26}},"38":{"start":{"line":69,"column":12},"end":{"line":72,"column":13}},"39":{"start":{"line":70,"column":16},"end":{"line":70,"column":59}},"40":{"start":{"line":71,"column":16},"end":{"line":71,"column":34}},"41":{"start":{"line":75,"column":8},"end":{"line":81,"column":11}},"42":{"start":{"line":76,"column":12},"end":{"line":80,"column":13}},"43":{"start":{"line":77,"column":16},"end":{"line":77,"column":54}},"44":{"start":{"line":79,"column":16},"end":{"line":79,"column":52}},"45":{"start":{"line":83,"column":8},"end":{"line":83,"column":36}},"46":{"start":{"line":87,"column":17},"end":{"line":90,"column":1}},"47":{"start":{"line":93,"column":4},"end":{"line":93,"column":22}},"48":{"start":{"line":97,"column":4},"end":{"line":97,"column":54}},"49":{"start":{"line":101,"column":4},"end":{"line":101,"column":69}},"50":{"start":{"line":105,"column":4},"end":{"line":105,"column":27}},"51":{"start":{"line":109,"column":4},"end":{"line":111,"column":5}},"52":{"start":{"line":110,"column":8},"end":{"line":110,"column":20}},"53":{"start":{"line":113,"column":4},"end":{"line":115,"column":5}},"54":{"start":{"line":114,"column":8},"end":{"line":114,"column":44}},"55":{"start":{"line":117,"column":4},"end":{"line":117,"column":43}},"56":{"start":{"line":121,"column":4},"end":{"line":204,"column":7}},"57":{"start":{"line":122,"column":8},"end":{"line":125,"column":9}},"58":{"start":{"line":123,"column":12},"end":{"line":123,"column":126}},"59":{"start":{"line":124,"column":12},"end":{"line":124,"column":19}},"60":{"start":{"line":127,"column":8},"end":{"line":130,"column":9}},"61":{"start":{"line":128,"column":12},"end":{"line":128,"column":75}},"62":{"start":{"line":129,"column":12},"end":{"line":129,"column":19}},"63":{"start":{"line":132,"column":8},"end":{"line":135,"column":9}},"64":{"start":{"line":133,"column":12},"end":{"line":133,"column":128}},"65":{"start":{"line":134,"column":12},"end":{"line":134,"column":19}},"66":{"start":{"line":137,"column":27},"end":{"line":137,"column":80}},"67":{"start":{"line":138,"column":21},"end":{"line":143,"column":9}},"68":{"start":{"line":145,"column":23},"end":{"line":145,"column":41}},"69":{"start":{"line":146,"column":8},"end":{"line":148,"column":9}},"70":{"start":{"line":147,"column":12},"end":{"line":147,"column":43}},"71":{"start":{"line":150,"column":8},"end":{"line":152,"column":9}},"72":{"start":{"line":151,"column":12},"end":{"line":151,"column":62}},"73":{"start":{"line":154,"column":20},"end":{"line":158,"column":9}},"74":{"start":{"line":160,"column":22},"end":{"line":164,"column":10}},"75":{"start":{"line":166,"column":21},"end":{"line":166,"column":23}},"76":{"start":{"line":167,"column":21},"end":{"line":167,"column":23}},"77":{"start":{"line":169,"column":8},"end":{"line":171,"column":11}},"78":{"start":{"line":170,"column":12},"end":{"line":170,"column":39}},"79":{"start":{"line":173,"column":8},"end":{"line":175,"column":11}},"80":{"start":{"line":174,"column":12},"end":{"line":174,"column":39}},"81":{"start":{"line":177,"column":8},"end":{"line":179,"column":11}},"82":{"start":{"line":178,"column":12},"end":{"line":178,"column":58}},"83":{"start":{"line":181,"column":8},"end":{"line":203,"column":11}},"84":{"start":{"line":182,"column":27},"end":{"line":182,"column":40}},"85":{"start":{"line":183,"column":26},"end":{"line":183,"column":30}},"86":{"start":{"line":185,"column":12},"end":{"line":191,"column":13}},"87":{"start":{"line":186,"column":16},"end":{"line":190,"column":17}},"88":{"start":{"line":187,"column":20},"end":{"line":187,"column":67}},"89":{"start":{"line":189,"column":20},"end":{"line":189,"column":35}},"90":{"start":{"line":193,"column":12},"end":{"line":196,"column":13}},"91":{"start":{"line":194,"column":16},"end":{"line":194,"column":92}},"92":{"start":{"line":195,"column":16},"end":{"line":195,"column":23}},"93":{"start":{"line":198,"column":12},"end":{"line":202,"column":15}},"94":{"start":{"line":208,"column":4},"end":{"line":293,"column":7}},"95":{"start":{"line":209,"column":8},"end":{"line":212,"column":9}},"96":{"start":{"line":210,"column":12},"end":{"line":210,"column":126}},"97":{"start":{"line":211,"column":12},"end":{"line":211,"column":19}},"98":{"start":{"line":214,"column":8},"end":{"line":217,"column":9}},"99":{"start":{"line":215,"column":12},"end":{"line":215,"column":82}},"100":{"start":{"line":216,"column":12},"end":{"line":216,"column":19}},"101":{"start":{"line":219,"column":8},"end":{"line":222,"column":9}},"102":{"start":{"line":220,"column":12},"end":{"line":220,"column":128}},"103":{"start":{"line":221,"column":12},"end":{"line":221,"column":19}},"104":{"start":{"line":224,"column":27},"end":{"line":224,"column":80}},"105":{"start":{"line":225,"column":21},"end":{"line":231,"column":9}},"106":{"start":{"line":233,"column":23},"end":{"line":233,"column":41}},"107":{"start":{"line":234,"column":8},"end":{"line":236,"column":9}},"108":{"start":{"line":235,"column":12},"end":{"line":235,"column":43}},"109":{"start":{"line":238,"column":8},"end":{"line":240,"column":9}},"110":{"start":{"line":239,"column":12},"end":{"line":239,"column":62}},"111":{"start":{"line":242,"column":20},"end":{"line":246,"column":9}},"112":{"start":{"line":248,"column":22},"end":{"line":252,"column":10}},"113":{"start":{"line":254,"column":21},"end":{"line":254,"column":23}},"114":{"start":{"line":255,"column":21},"end":{"line":255,"column":23}},"115":{"start":{"line":257,"column":8},"end":{"line":259,"column":11}},"116":{"start":{"line":258,"column":12},"end":{"line":258,"column":39}},"117":{"start":{"line":261,"column":8},"end":{"line":263,"column":11}},"118":{"start":{"line":262,"column":12},"end":{"line":262,"column":39}},"119":{"start":{"line":265,"column":8},"end":{"line":267,"column":11}},"120":{"start":{"line":266,"column":12},"end":{"line":266,"column":58}},"121":{"start":{"line":269,"column":8},"end":{"line":292,"column":11}},"122":{"start":{"line":270,"column":27},"end":{"line":270,"column":40}},"123":{"start":{"line":271,"column":26},"end":{"line":271,"column":30}},"124":{"start":{"line":273,"column":12},"end":{"line":279,"column":13}},"125":{"start":{"line":274,"column":16},"end":{"line":278,"column":17}},"126":{"start":{"line":275,"column":20},"end":{"line":275,"column":67}},"127":{"start":{"line":277,"column":20},"end":{"line":277,"column":35}},"128":{"start":{"line":281,"column":12},"end":{"line":284,"column":13}},"129":{"start":{"line":282,"column":16},"end":{"line":282,"column":92}},"130":{"start":{"line":283,"column":16},"end":{"line":283,"column":23}},"131":{"start":{"line":286,"column":27},"end":{"line":286,"column":72}},"132":{"start":{"line":287,"column":31},"end":{"line":287,"column":73}},"133":{"start":{"line":288,"column":12},"end":{"line":291,"column":15}},"134":{"start":{"line":297,"column":25},"end":{"line":297,"column":53}},"135":{"start":{"line":298,"column":21},"end":{"line":298,"column":51}},"136":{"start":{"line":300,"column":4},"end":{"line":300,"column":93}},"137":{"start":{"line":301,"column":19},"end":{"line":301,"column":93}},"138":{"start":{"line":303,"column":4},"end":{"line":312,"column":5}},"139":{"start":{"line":304,"column":8},"end":{"line":304,"column":70}},"140":{"start":{"line":305,"column":8},"end":{"line":310,"column":11}},"141":{"start":{"line":311,"column":8},"end":{"line":311,"column":20}},"142":{"start":{"line":314,"column":21},"end":{"line":314,"column":73}},"143":{"start":{"line":315,"column":4},"end":{"line":315,"column":68}},"144":{"start":{"line":316,"column":4},"end":{"line":321,"column":7}},"145":{"start":{"line":322,"column":4},"end":{"line":322,"column":17}},"146":{"start":{"line":326,"column":19},"end":{"line":326,"column":90}},"147":{"start":{"line":328,"column":4},"end":{"line":331,"column":5}},"148":{"start":{"line":329,"column":8},"end":{"line":329,"column":96}},"149":{"start":{"line":330,"column":8},"end":{"line":330,"column":20}},"150":{"start":{"line":333,"column":4},"end":{"line":335,"column":5}},"151":{"start":{"line":334,"column":8},"end":{"line":334,"column":116}},"152":{"start":{"line":337,"column":4},"end":{"line":337,"column":17}},"153":{"start":{"line":341,"column":20},"end":{"line":341,"column":50}},"154":{"start":{"line":342,"column":19},"end":{"line":342,"column":79}},"155":{"start":{"line":343,"column":17},"end":{"line":343,"column":103}},"156":{"start":{"line":345,"column":4},"end":{"line":350,"column":5}},"157":{"start":{"line":346,"column":8},"end":{"line":349,"column":11}},"158":{"start":{"line":354,"column":4},"end":{"line":354,"column":45}},"159":{"start":{"line":358,"column":31},"end":{"line":358,"column":67}},"160":{"start":{"line":359,"column":28},"end":{"line":359,"column":72}},"161":{"start":{"line":361,"column":4},"end":{"line":365,"column":45}},"162":{"start":{"line":369,"column":4},"end":{"line":369,"column":55}},"163":{"start":{"line":374,"column":21},"end":{"line":374,"column":49}},"164":{"start":{"line":375,"column":4},"end":{"line":377,"column":5}},"165":{"start":{"line":376,"column":8},"end":{"line":376,"column":21}},"166":{"start":{"line":378,"column":4},"end":{"line":378,"column":16}},"167":{"start":{"line":382,"column":15},"end":{"line":382,"column":39}},"168":{"start":{"line":383,"column":4},"end":{"line":383,"column":50}},"169":{"start":{"line":387,"column":4},"end":{"line":387,"column":57}},"170":{"start":{"line":387,"column":15},"end":{"line":387,"column":57}},"171":{"start":{"line":389,"column":17},"end":{"line":389,"column":91}},"172":{"start":{"line":390,"column":21},"end":{"line":390,"column":85}},"173":{"start":{"line":391,"column":21},"end":{"line":391,"column":91}},"174":{"start":{"line":393,"column":4},"end":{"line":393,"column":34}},"175":{"start":{"line":397,"column":4},"end":{"line":397,"column":34}},"176":{"start":{"line":397,"column":22},"end":{"line":397,"column":34}},"177":{"start":{"line":398,"column":4},"end":{"line":398,"column":60}},"178":{"start":{"line":398,"column":41},"end":{"line":398,"column":60}},"179":{"start":{"line":399,"column":4},"end":{"line":399,"column":70}},"180":{"start":{"line":399,"column":36},"end":{"line":399,"column":70}},"181":{"start":{"line":400,"column":4},"end":{"line":400,"column":54}},"182":{"start":{"line":400,"column":28},"end":{"line":400,"column":54}},"183":{"start":{"line":401,"column":4},"end":{"line":401,"column":85}},"184":{"start":{"line":401,"column":33},"end":{"line":401,"column":85}},"185":{"start":{"line":403,"column":19},"end":{"line":403,"column":63}},"186":{"start":{"line":404,"column":4},"end":{"line":410,"column":5}},"187":{"start":{"line":405,"column":21},"end":{"line":408,"column":19}},"188":{"start":{"line":406,"column":26},"end":{"line":406,"column":121}},"189":{"start":{"line":409,"column":8},"end":{"line":409,"column":28}},"190":{"start":{"line":412,"column":4},"end":{"line":412,"column":16}},"191":{"start":{"line":416,"column":25},"end":{"line":423,"column":12}},"192":{"start":{"line":425,"column":23},"end":{"line":445,"column":5}},"193":{"start":{"line":447,"column":20},"end":{"line":447,"column":87}},"194":{"start":{"line":447,"column":45},"end":{"line":447,"column":86}},"195":{"start":{"line":448,"column":4},"end":{"line":448,"column":43}},"196":{"start":{"line":452,"column":20},"end":{"line":462,"column":60}},"197":{"start":{"line":462,"column":23},"end":{"line":462,"column":59}},"198":{"start":{"line":464,"column":4},"end":{"line":469,"column":5}},"199":{"start":{"line":465,"column":21},"end":{"line":465,"column":46}},"200":{"start":{"line":466,"column":8},"end":{"line":468,"column":9}},"201":{"start":{"line":467,"column":12},"end":{"line":467,"column":24}},"202":{"start":{"line":471,"column":25},"end":{"line":471,"column":70}},"203":{"start":{"line":472,"column":4},"end":{"line":474,"column":5}},"204":{"start":{"line":473,"column":8},"end":{"line":473,"column":86}},"205":{"start":{"line":476,"column":4},"end":{"line":486,"column":5}},"206":{"start":{"line":477,"column":29},"end":{"line":477,"column":50}},"207":{"start":{"line":478,"column":23},"end":{"line":481,"column":10}},"208":{"start":{"line":479,"column":33},"end":{"line":479,"column":76}},"209":{"start":{"line":480,"column":12},"end":{"line":480,"column":94}},"210":{"start":{"line":483,"column":8},"end":{"line":485,"column":9}},"211":{"start":{"line":484,"column":12},"end":{"line":484,"column":76}},"212":{"start":{"line":488,"column":4},"end":{"line":488,"column":46}},"213":{"start":{"line":492,"column":4},"end":{"line":496,"column":67}},"214":{"start":{"line":500,"column":25},"end":{"line":500,"column":46}},"215":{"start":{"line":501,"column":4},"end":{"line":503,"column":5}},"216":{"start":{"line":502,"column":8},"end":{"line":502,"column":45}},"217":{"start":{"line":504,"column":4},"end":{"line":504,"column":24}},"218":{"start":{"line":508,"column":20},"end":{"line":508,"column":79}},"219":{"start":{"line":510,"column":4},"end":{"line":512,"column":5}},"220":{"start":{"line":511,"column":8},"end":{"line":511,"column":30}},"221":{"start":{"line":516,"column":4},"end":{"line":520,"column":7}},"222":{"start":{"line":524,"column":4},"end":{"line":524,"column":38}},"223":{"start":{"line":525,"column":4},"end":{"line":525,"column":83}},"224":{"start":{"line":526,"column":4},"end":{"line":526,"column":69}},"225":{"start":{"line":527,"column":4},"end":{"line":527,"column":136}},"226":{"start":{"line":531,"column":4},"end":{"line":533,"column":5}},"227":{"start":{"line":532,"column":8},"end":{"line":532,"column":15}},"228":{"start":{"line":535,"column":23},"end":{"line":535,"column":48}},"229":{"start":{"line":536,"column":4},"end":{"line":538,"column":5}},"230":{"start":{"line":537,"column":8},"end":{"line":537,"column":15}},"231":{"start":{"line":540,"column":4},"end":{"line":545,"column":5}},"232":{"start":{"line":541,"column":8},"end":{"line":541,"column":48}},"233":{"start":{"line":542,"column":8},"end":{"line":544,"column":9}},"234":{"start":{"line":543,"column":12},"end":{"line":543,"column":95}},"235":{"start":{"line":547,"column":20},"end":{"line":547,"column":42}},"236":{"start":{"line":548,"column":23},"end":{"line":548,"column":51}},"237":{"start":{"line":549,"column":4},"end":{"line":549,"column":48}},"238":{"start":{"line":551,"column":4},"end":{"line":557,"column":7}},"239":{"start":{"line":559,"column":4},"end":{"line":561,"column":5}},"240":{"start":{"line":560,"column":8},"end":{"line":560,"column":76}},"241":{"start":{"line":565,"column":4},"end":{"line":565,"column":20}},"242":{"start":{"line":566,"column":4},"end":{"line":566,"column":31}},"243":{"start":{"line":567,"column":4},"end":{"line":567,"column":36}},"244":{"start":{"line":568,"column":4},"end":{"line":568,"column":35}},"245":{"start":{"line":569,"column":4},"end":{"line":569,"column":27}},"246":{"start":{"line":573,"column":4},"end":{"line":577,"column":5}},"247":{"start":{"line":574,"column":8},"end":{"line":574,"column":31}},"248":{"start":{"line":575,"column":8},"end":{"line":575,"column":45}},"249":{"start":{"line":576,"column":8},"end":{"line":576,"column":15}},"250":{"start":{"line":579,"column":4},"end":{"line":579,"column":42}},"251":{"start":{"line":580,"column":4},"end":{"line":580,"column":34}},"252":{"start":{"line":581,"column":4},"end":{"line":581,"column":28}},"253":{"start":{"line":582,"column":4},"end":{"line":582,"column":27}},"254":{"start":{"line":583,"column":4},"end":{"line":583,"column":21}},"255":{"start":{"line":584,"column":4},"end":{"line":584,"column":41}},"256":{"start":{"line":588,"column":44},"end":{"line":588,"column":48}},"257":{"start":{"line":589,"column":25},"end":{"line":589,"column":53}},"258":{"start":{"line":590,"column":22},"end":{"line":590,"column":43}},"259":{"start":{"line":591,"column":27},"end":{"line":591,"column":32}},"260":{"start":{"line":592,"column":28},"end":{"line":592,"column":29}},"261":{"start":{"line":593,"column":16},"end":{"line":593,"column":26}},"262":{"start":{"line":595,"column":34},"end":{"line":599,"column":5}},"263":{"start":{"line":596,"column":8},"end":{"line":598,"column":46}},"264":{"start":{"line":601,"column":21},"end":{"line":601,"column":94}},"265":{"start":{"line":602,"column":19},"end":{"line":602,"column":61}},"266":{"start":{"line":604,"column":4},"end":{"line":645,"column":5}},"267":{"start":{"line":605,"column":33},"end":{"line":605,"column":101}},"268":{"start":{"line":606,"column":8},"end":{"line":606,"column":37}},"269":{"start":{"line":606,"column":30},"end":{"line":606,"column":37}},"270":{"start":{"line":608,"column":8},"end":{"line":643,"column":9}},"271":{"start":{"line":609,"column":12},"end":{"line":609,"column":47}},"272":{"start":{"line":610,"column":29},"end":{"line":610,"column":67}},"273":{"start":{"line":611,"column":12},"end":{"line":611,"column":50}},"274":{"start":{"line":613,"column":12},"end":{"line":619,"column":15}},"275":{"start":{"line":621,"column":12},"end":{"line":626,"column":13}},"276":{"start":{"line":622,"column":16},"end":{"line":622,"column":45}},"277":{"start":{"line":624,"column":16},"end":{"line":624,"column":59}},"278":{"start":{"line":625,"column":16},"end":{"line":625,"column":53}},"279":{"start":{"line":628,"column":29},"end":{"line":628,"column":67}},"280":{"start":{"line":629,"column":12},"end":{"line":629,"column":50}},"281":{"start":{"line":631,"column":12},"end":{"line":642,"column":13}},"282":{"start":{"line":632,"column":16},"end":{"line":632,"column":59}},"283":{"start":{"line":633,"column":16},"end":{"line":633,"column":53}},"284":{"start":{"line":635,"column":16},"end":{"line":641,"column":19}},"285":{"start":{"line":644,"column":8},"end":{"line":644,"column":15}},"286":{"start":{"line":647,"column":4},"end":{"line":647,"column":42}},"287":{"start":{"line":650,"column":19},"end":{"line":650,"column":90}},"288":{"start":{"line":651,"column":4},"end":{"line":659,"column":5}},"289":{"start":{"line":652,"column":8},"end":{"line":658,"column":11}},"290":{"start":{"line":663,"column":4},"end":{"line":665,"column":5}},"291":{"start":{"line":664,"column":8},"end":{"line":664,"column":59}},"292":{"start":{"line":667,"column":4},"end":{"line":667,"column":21}},"293":{"start":{"line":668,"column":4},"end":{"line":668,"column":
[...]
"column":4},"end":{"line":561,"column":5}},"type":"if","locations":[{"start":{"line":559,"column":4},"end":{"line":561,"column":5}},{"start":{},"end":{}}],"line":559},"109":{"loc":{"start":{"line":572,"column":37},"end":{"line":572,"column":73}},"type":"default-arg","locations":[{"start":{"line":572,"column":46},"end":{"line":572,"column":73}}],"line":572},"110":{"loc":{"start":{"line":573,"column":4},"end":{"line":577,"column":5}},"type":"if","locations":[{"start":{"line":573,"column":4},"end":{"line":577,"column":5}},{"start":{},"end":{}}],"line":573},"111":{"loc":{"start":{"line":596,"column":8},"end":{"line":598,"column":46}},"type":"binary-expr","locations":[{"start":{"line":596,"column":8},"end":{"line":596,"column":47}},{"start":{"line":597,"column":8},"end":{"line":597,"column":57}},{"start":{"line":598,"column":8},"end":{"line":598,"column":46}}],"line":596},"112":{"loc":{"start":{"line":601,"column":21},"end":{"line":601,"column":94}},"type":"binary-expr","locations":[{"start":{"line":601,"column":21},"end":{"line":601,"column":39}},{"start":{"line":601,"column":43},"end":{"line":601,"column":94}}],"line":601},"113":{"loc":{"start":{"line":604,"column":4},"end":{"line":645,"column":5}},"type":"if","locations":[{"start":{"line":604,"column":4},"end":{"line":645,"column":5}},{"start":{},"end":{}}],"line":604},"114":{"loc":{"start":{"line":605,"column":33},"end":{"line":605,"column":101}},"type":"binary-expr","locations":[{"start":{"line":605,"column":33},"end":{"line":605,"column":62}},{"start":{"line":605,"column":66},"end":{"line":605,"column":101}}],"line":605},"115":{"loc":{"start":{"line":606,"column":8},"end":{"line":606,"column":37}},"type":"if","locations":[{"start":{"line":606,"column":8},"end":{"line":606,"column":37}},{"start":{},"end":{}}],"line":606},"116":{"loc":{"start":{"line":608,"column":8},"end":{"line":643,"column":9}},"type":"if","locations":[{"start":{"line":608,"column":8},"end":{"line":643,"column":9}},{"start":{"line":627,"column":15},"end":{"line":643,"column":9}}],"line":608},"117":{"loc":{"start":{"line":610,"column":30},"end":{"line":610,"column":62}},"type":"binary-expr","locations":[{"start":{"line":610,"column":30},"end":{"line":610,"column":57}},{"start":{"line":610,"column":61},"end":{"line":610,"column":62}}],"line":610},"118":{"loc":{"start":{"line":617,"column":24},"end":{"line":617,"column":96}},"type":"cond-expr","locations":[{"start":{"line":617,"column":41},"end":{"line":617,"column":60}},{"start":{"line":617,"column":63},"end":{"line":617,"column":96}}],"line":617},"119":{"loc":{"start":{"line":621,"column":12},"end":{"line":626,"column":13}},"type":"if","locations":[{"start":{"line":621,"column":12},"end":{"line":626,"column":13}},{"start":{"line":623,"column":19},"end":{"line":626,"column":13}}],"line":621},"120":{"loc":{"start":{"line":628,"column":30},"end":{"line":628,"column":62}},"type":"binary-expr","locations":[{"start":{"line":628,"column":30},"end":{"line":628,"column":57}},{"start":{"line":628,"column":61},"end":{"line":628,"column":62}}],"line":628},"121":{"loc":{"start":{"line":631,"column":12},"end":{"line":642,"column":13}},"type":"if","locations":[{"start":{"line":631,"column":12},"end":{"line":642,"column":13}},{"start":{},"end":{}}],"line":631},"122":{"loc":{"start":{"line":651,"column":4},"end":{"line":659,"column":5}},"type":"if","locations":[{"start":{"line":651,"column":4},"end":{"line":659,"column":5}},{"start":{},"end":{}}],"line":651},"123":{"loc":{"start":{"line":657,"column":22},"end":{"line":657,"column":45}},"type":"binary-expr","locations":[{"start":{"line":657,"column":22},"end":{"line":657,"column":37}},{"start":{"line":657,"column":41},"end":{"line":657,"column":45}}],"line":657},"124":{"loc":{"start":{"line":663,"column":4},"end":{"line":665,"column":5}},"type":"if","locations":[{"start":{"line":663,"column":4},"end":{"line":665,"column":5}},{"start":{},"end":{}}],"line":663},"125":{"loc":{"start":{"line":680,"column":62},"end":{"line":680,"column":81}},"type":"binary-expr","locations":[{"start":{"line":680,"column":62},"end":{"line":680,"column":74}},{"start":{"line":680,"column":78},"end":{"line":680,"column":81}}],"line":680},"126":{"loc":{"start":{"line":685,"column":8},"end":{"line":687,"column":9}},"type":"if","locations":[{"start":{"line":685,"column":8},"end":{"line":687,"column":9}},{"start":{},"end":{}}],"line":685},"127":{"loc":{"start":{"line":705,"column":8},"end":{"line":707,"column":9}},"type":"if","locations":[{"start":{"line":705,"column":8},"end":{"line":707,"column":9}},{"start":{},"end":{}}],"line":705},"128":{"loc":{"start":{"line":721,"column":19},"end":{"line":721,"column":45}},"type":"binary-expr","locations":[{"start":{"line":721,"column":19},"end":{"line":721,"column":29}},{"start":{"line":721,"column":33},"end":{"line":721,"column":45}}],"line":721},"129":{"loc":{"start":{"line":724,"column":8},"end":{"line":731,"column":9}},"type":"if","locations":[{"start":{"line":724,"column":8},"end":{"line":731,"column":9}},{"start":{},"end":{}}],"line":724},"130":{"loc":{"start":{"line":736,"column":8},"end":{"line":738,"column":9}},"type":"if","locations":[{"start":{"line":736,"column":8},"end":{"line":738,"column":9}},{"start":{},"end":{}}],"line":736},"131":{"loc":{"start":{"line":736,"column":12},"end":{"line":736,"column":88}},"type":"binary-expr","locations":[{"start":{"line":736,"column":12},"end":{"line":736,"column":44}},{"start":{"line":736,"column":48},"end":{"line":736,"column":88}}],"line":736},"132":{"loc":{"start":{"line":757,"column":4},"end":{"line":757,"column":65}},"type":"if","locations":[{"start":{"line":757,"column":4},"end":{"line":757,"column":65}},{"start":{},"end":{}}],"line":757},"133":{"loc":{"start":{"line":758,"column":4},"end":{"line":758,"column":76}},"type":"if","locations":[{"start":{"line":758,"column":4},"end":{"line":758,"column":76}},{"start":{},"end":{}}],"line":758},"134":{"loc":{"start":{"line":759,"column":4},"end":{"line":759,"column":63}},"type":"if","locations":[{"start":{"line":759,"column":4},"end":{"line":759,"column":63}},{"start":{},"end":{}}],"line":759},"135":{"loc":{"start":{"line":760,"column":4},"end":{"line":760,"column":72}},"type":"if","locations":[{"start":{"line":760,"column":4},"end":{"line":760,"column":72}},{"start":{},"end":{}}],"line":760},"136":{"loc":{"start":{"line":767,"column":8},"end":{"line":770,"column":9}},"type":"if","locations":[{"start":{"line":767,"column":8},"end":{"line":770,"column":9}},{"start":{},"end":{}}],"line":767},"137":{"loc":{"start":{"line":778,"column":4},"end":{"line":782,"column":5}},"type":"if","locations":[{"start":{"line":778,"column":4},"end":{"line":782,"column":5}},{"start":{},"end":{}}],"line":778},"138":{"loc":{"start":{"line":778,"column":8},"end":{"line":778,"column":65}},"type":"binary-expr","locations":[{"start":{"line":778,"column":8},"end":{"line":778,"column":32}},{"start":{"line":778,"column":36},"end":{"line":778,"column":65}}],"line":778},"139":{"loc":{"start":{"line":784,"column":4},"end":{"line":796,"column":5}},"type":"if","locations":[{"start":{"line":784,"column":4},"end":{"line":796,"column":5}},{"start":{},"end":{}}],"line":784},"140":{"loc":{"start":{"line":784,"column":8},"end":{"line":784,"column":66}},"type":"binary-expr","locations":[{"start":{"line":784,"column":8},"end":{"line":784,"column":32}},{"start":{"line":784,"column":36},"end":{"line":784,"column":66}}],"line":784},"141":{"loc":{"start":{"line":787,"column":23},"end":{"line":787,"column":44}},"type":"binary-expr","locations":[{"start":{"line":787,"column":23},"end":{"line":787,"column":30}},{"start":{"line":787,"column":34},"end":{"line":787,"column":44}}],"line":787},"142":{"loc":{"start":{"line":791,"column":18},"end":{"line":793,"column":98}},"type":"cond-expr","locations":[{"start":{"line":792,"column":18},"end":{"line":792,"column":39}},{"start":{"line":793,"column":19},"end":{"line":793,"column":97}}],"line":791},"143":{"loc":{"start":{"line":793,"column":19},"end":{"line":793,"column":97}},"type":"cond-expr","locations":[{"start":{"line":793,"column":30},"end":{"line":793,"column":69}},{"start":{"line":793,"column":72},"end":{"line":793,"column":97}}],"line":793},"144":{"loc":{"start":{"line":798,"column":4},"end":{"line":809,"column":5}},"type":"if","locations":[{"start":{"line":798,"column":4},"end":{"line":809,"column":5}},{"start":{},"end":{}}],"line":798},"145":{"loc":{"start":{"line":798,"column":8},"end":{"line":798,"column":67}},"type":"binary-expr","locations":[{"start":{"line":798,"column":8},"end":{"line":798,"column":33}},{"start":{"line":798,"column":37},"end":{"line":798,"column":67}}],"line":798},"146":{"loc":{"start":{"line":801,"column":12},"end":{"line":801,"column":105}},"type":"if","locations":[{"start":{"line":801,"column":12},"end":{"line":801,"column":105}},{"start":{},"end":{}}],"line":801},"147":{"loc":{"start":{"line":801,"column":76},"end":{"line":801,"column":96}},"type":"binary-expr","locations":[{"start":{"line":801,"column":76},"end":{"line":801,"column":90}},{"start":{"line":801,"column":94},"end":{"line":801,"column":96}}],"line":801},"148":{"loc":{"start":{"line":802,"column":12},"end":{"line":802,"column":111}},"type":"if","locations":[{"start":{"line":802,"column":12},"end":{"line":802,"column":111}},{"start":{},"end":{}}],"line":802},"149":{"loc":{"start":{"line":802,"column":80},"end":{"line":802,"column":102}},"type":"binary-expr","locations":[{"start":{"line":802,"column":80},"end":{"line":802,"column":96}},{"start":{"line":802,"column":100},"end":{"line":802,"column":102}}],"line":802},"150":{"loc":{"start":{"line":811,"column":4},"end":{"line":818,"column":5}},"type":"if","locations":[{"start":{"line":811,"column":4},"end":{"line":818,"column":5}},{"start":{},"end":{}}],"line":811},"151":{"loc":{"start":{"line":811,"column":8},"end":{"line":811,"column":61}},"type":"binary-expr","locations":[{"start":{"line":811,"column":8},"end":{"line":811,"column":32}},{"start":{"line":811,"column":36},"end":{"line":811,"column":61}}],"line":811},"152":{"loc":{"start":{"line":813,"column":31},"end":{"line":813,"column":66}},"type":"binary-expr","locations":[{"start":{"line":813,"column":31},"end":{"line":813,"column":47}},{"start":{"line":813,"column":51},"end":{"line":813,"column":66}}],"line":813},"153":{"loc":{"start":{"line":820,"column":4},"end":{"line":836,"column":5}},"type":"if","locations":[{"start":{"line":820,"column":4},"end":{"line":836,"column":5}},{"start":{},"end":{}}],"line":820},"154":{"loc":{"start":{"line":820,"column":8},"end":{"line":820,"column":64}},"type":"binary-expr","locations":[{"start":{"line":820,"column":8},"end":{"line":820,"column":33}},{"start":{"line":820,"column":37},"end":{"line":820,"column":64}}],"line":820},"155":{"loc":{"start":{"line":823,"column":36},"end":{"line":823,"column":55}},"type":"binary-expr","locations":[{"start":{"line":823,"column":36},"end":{"line":823,"column":49}},{"start":{"line":823,"column":53},"end":{"line":823,"column":55}}],"line":823},"156":{"loc":{"start":{"line":825,"column":12},"end":{"line":828,"column":13}},"type":"if","locations":[{"start":{"line":825,"column":12},"end":{"line":828,"column":13}},{"start":{},"end":{}}],"line":825},"157":{"loc":{"start":{"line":838,"column":4},"end":{"line":842,"column":5}},"type":"if","locations":[{"start":{"line":838,"column":4},"end":{"line":842,"column":5}},{"start":{},"end":{}}],"line":838},"158":{"loc":{"start":{"line":838,"column":8},"end":{"line":838,"column":67}},"type":"binary-expr","locations":[{"start":{"line":838,"column":8},"end":{"line":838,"column":33}},{"start":{"line":838,"column":37},"end":{"line":838,"column":67}}],"line":838},"159":{"loc":{"start":{"line":851,"column":4},"end":{"line":870,"column":5}},"type":"if","locations":[{"start":{"line":851,"column":4},"end":{"line":870,"column":5}},{"start":{},"end":{}}],"line":851},"160":{"loc":{"start":{"line":861,"column":31},"end":{"line":861,"column":66}},"type":"binary-expr","locations":[{"start":{"line":861,"column":31},"end":{"line":861,"column":47}},{"start":{"line":861,"column":51},"end":{"line":861,"column":66}}],"line":861},"161":{"loc":{"start":{"line":872,"column":4},"end":{"line":878,"column":5}},"type":"if","locations":[{"start":{"line":872,"column":4},"end":{"line":878,"column":5}},{"start":{},"end":{}}],"line":872},"162":{"loc":{"start":{"line":874,"column":8},"end":{"line":876,"column":9}},"type":"if","locations":[{"start":{"line":874,"column":8},"end":{"line":876,"column":9}},{"start":{},"end":{}}],"line":874},"163":{"loc":{"start":{"line":880,"column":4},"end":{"line":883,"column":5}},"type":"if","locations":[{"start":{"line":880,"column":4},"end":{"line":883,"column":5}},{"start":{},"end":{}}],"line":880},"164":{"loc":{"start":{"line":880,"column":8},"end":{"line":880,"column":54}},"type":"binary-expr","locations":[{"start":{"line":880,"column":8},"end":{"line":880,"column":24}},{"start":{"line":880,"column":28},"end":{"line":880,"column":54}}],"line":880},"165":{"loc":{"start":{"line":885,"column":4},"end":{"line":888,"column":5}},"type":"if","locations":[{"start":{"line":885,"column":4},"end":{"line":888,"column":5}},{"start":{},"end":{}}],"line":885},"166":{"loc":{"start":{"line":890,"column":4},"end":{"line":893,"column":5}},"type":"if","locations":[{"start":{"line":890,"column":4},"end":{"line":893,"column":5}},{"start":{},"end":{}}],"line":890},"167":{"loc":{"start":{"line":899,"column":27},"end":{"line":899,"column":66}},"type":"cond-expr","locations":[{"start":{"line":899,"column":48},"end":{"line":899,"column":59}},{"start":{"line":899,"column":62},"end":{"line":899,"column":66}}],"line":899},"168":{"loc":{"start":{"line":901,"column":4},"end":{"line":903,"column":5}},"type":"if","locations":[{"start":{"line":901,"column":4},"end":{"line":903,"column":5}},{"start":{},"end":{}}],"line":901},"169":{"loc":{"start":{"line":920,"column":4},"end":{"line":922,"column":5}},"type":"if","locations":[{"start":{"line":920,"column":4},"end":{"line":922,"column":5}},{"start":{},"end":{}}],"line":920}},"s":{"0":1,"1":1,"2":1,"3":1,"4":1,"5":1,"6":1,"7":1,"8":1,"9":1,"10":1,"11":2,"12":1,"13":1,"14":1,"15":1,"16":1,"17":1,"18":1,"19":1,"20":1,"21":1,"22":1,"23":0,"24":0,"25":0,"26":0,"27":0,"28":0,"29":0,"30":0,"31":0,"32":11,"33":11,"34":5,"35":5,"36":5,"37":5,"38":5,"39":0,"40":0,"41":5,"42":5,"43":5,"44":1,"45":5,"46":1,"47":1,"48":1,"49":0,"50":0,"51":0,"52":0,"53":0,"54":0,"55":0,"56":0,"57":0,"58":0,"59":0,"60":0,"61":0,"62":0,"63":0,"64":0,"65":0,"66":0,"67":0,"68":0,"69":0,"70":0,"71":0,"72":0,"73":0,"74":0,"75":0,"76":0,"77":0,"78":0,"79":0,"80":0,"81":0,"82":0,"83":0,"84":0,"85":0,"86":0,"87":0,"88":0,"89":0,"90":0,"91":0,"92":0,"93":0,"94":0,"95":0,"96":0,"97":0,"98":0,"99":0,"100":0,"101":0,"102":0,"103":0,"104":0,"105":0,"106":0,"107":0,"108":0,"109":0,"110":0,"111":0,"112":0,"113":0,"114":0,"115":0,"116":0,"117":0,"118":0,"119":0,"120":0,"121":0,"122":0,"123":0,"124":0,"125":0,"126":0,"127":0,"128":0,"129":0,"130":0,"131":0,"132":0,"133":0,"134":0,"135":0,"136":0,"137":0,"138":0,"139":0,"140":0,"141":0,"142":0,"143":0,"144":0,"145":0,"146":0,"147":0,"148":0,"149":0,"150":0,"151":0,"152":0,"153":0,"154":0,"155":0,"156":0,"157":0,"158":0,"159":0,"160":0,"161":0,"162":0,"163":0,"164":0,"165":0,"166":0,"167":0,"168":0,"169":0,"170":0,"171":0,"172":0,"173":0,"174":0,"175":0,"176":0,"177":0,"178":0,"179":0,"180":0,"181":0,"182":0,"183":0,"184":0,"185":0,"186":0,"187":0,"188":0,"189":0,"190":0,"191":0,"192":0,"193":0,"194":0,"195":0,"196":0,"197":0,"198":0,"199":0,"200":0,"201":0,"202":0,"203":0,"204":0,"205":0,"206":0,"207":0,"208":0,"209":0,"210":0,"211":0,"212":0,"213":0,"214":0,"215":0,"216":0,"217":0,"218":2,"219":2,"220":0,"221":2,"222":0,"223":0,"224":0,"225":0,"226":0,"227":0,"228":0,"229":0,"230":0,"231":0,"232":0,"233":0,"234":0,"235":0,"236":0,"237":0,"238":0,"239":0,"240":0,"241":2,"242":2,"243":2,"244":2,"245":2,"246":1,"247":0,"248":0,"249":0,"250":1,"251":1,"252":1,"253":1,"254":1,"255":1,"256":0,"257":0,"258":0,"259":0,"260":0,"261":0,"262":0,"263":0,"264":0,"265":0,"266":0,"267":0,"268":0,"269":0,"270":0,"271":0,"272":0,"273":0,"274":0,"275":0,"276":0,"277":0,"278":0,"279":0,"280":0,"281":0,"282":0,"283":0,"284":0,"285":0,"286":0,"287":0,"288":0,"289":0,"290":1,"291":0,"292":1,"293":1,"294":1,"295":1,"296":0,"297":0,"298":0,"299":0,"300":0,"301":0,"302":0,"303":1,"304":0,"305":1,"306":0,"307":0,"308":0,"309":0,"310":0,"311":0,"312":0,"313":0,"314":0,"315":0,"316":1,"317":1,"318":0,"319":0,"320":1,"321":1,"322":1,"323":0,"324":0,"325":0,"326":0,"327":0,"328":0,"329":1,"330":1,"331":1,"332":0,"333":0,"334":0,"335":0,"336":0,"337":0,"338":0,"339":1,"340":1,"341":0,"342":0,"343":1,"344":1,"345":10,"346":1,"347":1,"348":1,"349":9,"350":1,"351":1,"352":1,"353":1,"354":1,"355":8,"356":2,"357":2,"358":1,"359":1,"360":1,"361":1,"362":1,"363":1,"364":2,"365":6,"366":1,"367":1,"368":5,"369":3,"370":3,"371":3,"372":3,"373":2,"374":2,"375":1,"376":1,"377":0,"378":1,"379":2,"380":1,"381":1,"382":1,"383":1,"384":1,"385":13,"386":13,"387":13,"388":1,"389":1,"390":1,"391":1,"392":1,"393":0,"394":1,"395":12,"396":10,"397":10,"398":1,"399":10,"400":2,"401":1,"402":1,"403":1,"404":0,"405":0,"406":1,"407":0,"408":0,"409":1,"410":1,"411":1,"412":1,"413":1,"414":0,"415":0,"416":0,"417":0,"418":0,"419":0,"420":0,"421":0,"422":0,"423":0,"424":0,"425":0,"426":1,"427":1},"f":{"0":2,"1":1,"2":0,"3":0,"4":11,"5":5,"6":5,"7":5,"8":5,"9":1,"10":1,"11":0,"12":0,"13":0,"14":0,"15":0,"16":0,"17":0,"18":0,"19":0,"20":0,"21":0,"22":0,"23":0,"24":0,"25":0,"26":0,"27":0,"28":0,"29":0,"30":0,"31":0,"32":0,"33":0,"34":0,"35":0,"36":0,"37":0,"38":0,"39":0,"40":0,"41":0,"42":0,"43":0,"44":2,"45":2,"46":0,"47":0,"48":2,"49":1,"50":0,"51":0,"52":1,"53":0,"54":0,"55":0,"56":0,"57":0,"58":1,"59":1,"60":1,"61":10,"62":13,"63":0,"64":1,"65":0,"66":0,"67":0},"b":{"0":[1,0],"1":[1,0],"2":[0,0,0],"3":[0,0],"4":[0,0],"5":[0,0],"6":[0,0],"7":[0,0,0],"8":[0,5],"9":[5,0],"10":[1,1],"11":[1,1],"12":[0,0,0],"13":[0,0],"14":[0,0],"15":[0,0],"16":[0],"17":[0,0],"18":[0,0],"19":[0,0],"20":[0,0],"21":[0,0],"22":[0,0],"23":[0,0],"24":[0,0],"25":[0,0],"26":[0,0],"27":[0,0],"28":[0,0,0,0],"29":[0],"30":[0,0],"31":[0,0],"32":[0,0],"33":[0,0],"34":[0,0],"35":[0,0],"36":[0,0],"37":[0,0],"38":[0,0],"39":[0,0],"40":[0,0,0],"41":[0,0],"42":[0,0,0,0],"43":[0,0],"44":[0,0],"45":[0,0],"46":[0,0,0],"47":[0,0],"48":[0,0],"49":[0,0,0],"50":[0,0],"51":[0,0],"52":[0,0],"53":[0,0],"54":[0,0],"55":[0,0,0],"56":[0,0],"57":[0,0],"58":[0,0,0,0,0],"59":[0,0],"60":[0,0],"61":[0,0],"62":[0,0],"63":[0,0],"64":[0,0],"65":[0,0,0,0,0,0],"66":[0,0,0,0,0],"67":[0,0,0,0,0],"68":[0,0],"69":[0,0],"70":[0,0],"71":[0,0],"72":[0,0],"73":[0,0],"74":[0,0],"75":[0,0,0,0,0],"76":[0,0],"77":[0,0,0,0,0,0,0,0],"78":[0,0],"79":[0,0],"80":[0,0],"81":[0,0],"82":[0,0],"83":[0,0],"84":[0,0],"85":[0,0],"86":[0,0],"87":[0,0],"88":[0,0],"89":[0,0,0,0,0],"90":[0,0],"91":[0,0],"92":[0,0],"93":[0],"94":[0,0,0],"95":[0,0],"96":[0,0],"97":[0,0],"98":[0,0],"99":[0,0],"100":[0,0,0],"101":[0,0],"102":[0,0],"103":[0,0],"104":[0,0],"105":[0,0,0],"106":[0,0],"107":[0,0,0],"108":[0,0],"109":[1],"110":[0,1],"111":[0,0,0],"112":[0,0],"113":[0,0],"114":[0,0],"115":[0,0],"116":[0,0],"117":[0,0],"118":[0,0],"119":[0,0],"120":[0,0],"121":[0,0],"122":[0,0],"123":[0,0],"124":[0,1],"125":[0,0],"126":[0,0],"127":[0,0],"128":[0,0],"129":[0,0],"130":[0,0],"131":[0,0],"132":[1,0],"133":[0,0],"134":[0,0],"135":[0,0],"136":[0,1],"137":[1,9],"138":[10,4],"139":[1,8],"140":[9,3],"141":[1,1],"142":[0,1],"143":[0,1],"144":[2,6],"145":[8,6],"146":[1,0],"147":[1,0],"148":[1,0],"149":[1,0],"150":[1,5],"151":[6,2],"152":[1,0],"153":[3,2],"154":[5,4],"155":[3,2],"156":[2,1],"157":[1,1],"158":[2,1],"159":[1,12],"160":[1,0],"161":[10,2],"162":[1,9],"163":[1,1],"164":[2,1],"165":[0,1],"166":[0,1],"167":[0,1],"168":[0,1],"169":[0,0]},"_coverageSchema":"1a1c01bbd47fc00a2c39e90264f33305004495a9","hash":"1d29be68f377a8d708c1c76799d950e48597dace"}
}
