TN:
SF:ai.js
FN:15,enqueueLlama
FN:16,(anonymous_1)
FN:18,(anonymous_2)
FN:19,(anonymous_3)
FN:24,getPaths
FN:52,resolveLlamaServerPath
FN:76,startLlamaServer
FN:140,(anonymous_7)
FN:149,(anonymous_8)
FN:152,(anonymous_9)
FN:169,(anonymous_10)
FN:170,(anonymous_11)
FN:180,(anonymous_12)
FN:193,(anonymous_13)
FN:204,mergeChatCompletionBody
FN:212,assistantTextFromChatResponse
FN:221,postChatCompletion
FN:224,(anonymous_17)
FN:235,(anonymous_18)
FN:237,(anonymous_19)
FN:238,(anonymous_20)
FN:254,(anonymous_21)
FN:266,completeModeration
FN:267,(anonymous_23)
FN:294,askLlama
FN:310,stopLlamaServer
FN:323,aiConfigured
FN:328,probeLlamaReady
FNF:28
FNH:8
FNDA:0,enqueueLlama
FNDA:0,(anonymous_1)
FNDA:0,(anonymous_2)
FNDA:0,(anonymous_3)
FNDA:2,getPaths
FNDA:2,resolveLlamaServerPath
FNDA:2,startLlamaServer
FNDA:0,(anonymous_7)
FNDA:0,(anonymous_8)
FNDA:0,(anonymous_9)
FNDA:2,(anonymous_10)
FNDA:2,(anonymous_11)
FNDA:2,(anonymous_12)
FNDA:0,(anonymous_13)
FNDA:1,mergeChatCompletionBody
FNDA:0,assistantTextFromChatResponse
FNDA:0,postChatCompletion
FNDA:0,(anonymous_17)
FNDA:0,(anonymous_18)
FNDA:0,(anonymous_19)
FNDA:0,(anonymous_20)
FNDA:0,(anonymous_21)
FNDA:0,completeModeration
FNDA:0,(anonymous_23)
FNDA:0,askLlama
FNDA:4,stopLlamaServer
FNDA:0,aiConfigured
FNDA:0,probeLlamaReady
DA:1,1
DA:2,1
DA:3,1
DA:4,1
DA:5,1
DA:6,1
DA:7,1
DA:9,1
DA:10,1
DA:13,1
DA:16,0
DA:17,0
DA:21,0
DA:28,2
DA:31,2
DA:34,0
DA:35,0
DA:39,2
DA:40,2
DA:42,2
DA:43,2
DA:45,2
DA:46,2
DA:48,2
DA:53,2
DA:57,2
DA:58,2
DA:60,0
DA:61,0
DA:62,0
DA:63,0
DA:64,0
DA:65,0
DA:66,0
DA:67,0
DA:73,0
DA:77,2
DA:79,2
DA:81,2
DA:82,0
DA:84,2
DA:85,0
DA:87,2
DA:88,2
DA:89,0
DA:92,2
DA:95,2
DA:96,2
DA:97,2
DA:98,2
DA:100,0
DA:104,2
DA:105,2
DA:106,2
DA:108,2
DA:109,2
DA:110,2
DA:113,2
DA:114,2
DA:115,0
DA:116,0
DA:121,2
DA:129,2
DA:130,2
DA:133,2
DA:134,2
DA:140,2
DA:141,0
DA:142,0
DA:143,0
DA:144,0
DA:145,0
DA:149,2
DA:150,0
DA:152,2
DA:153,0
DA:154,0
DA:155,0
DA:156,0
DA:161,2
DA:167,2
DA:169,2
DA:170,2
DA:171,2
DA:172,2
DA:173,0
DA:174,0
DA:177,0
DA:180,2
DA:181,2
DA:182,2
DA:183,2
DA:184,2
DA:185,2
DA:186,2
DA:188,0
DA:189,0
DA:190,0
DA:193,2
DA:194,0
DA:195,0
DA:196,0
DA:205,1
DA:213,0
DA:214,0
DA:215,0
DA:216,0
DA:217,0
DA:218,0
DA:222,0
DA:224,0
DA:225,0
DA:236,0
DA:237,0
DA:238,0
DA:239,0
DA:240,0
DA:241,0
DA:242,0
DA:243,0
DA:244,0
DA:246,0
DA:248,0
DA:253,0
DA:254,0
DA:255,0
DA:256,0
DA:258,0
DA:259,0
DA:267,0
DA:268,0
DA:269,0
DA:271,0
DA:272,0
DA:275,0
DA:284,0
DA:285,0
DA:287,0
DA:288,0
DA:295,0
DA:296,0
DA:297,0
DA:298,0
DA:302,0
DA:303,0
DA:304,0
DA:306,0
DA:311,4
DA:312,2
DA:313,2
DA:314,2
DA:319,1
DA:320,1
DA:321,1
DA:324,0
DA:329,0
DA:330,0
DA:331,0
DA:333,0
DA:334,0
DA:338,1
LF:161
LH:72
BRDA:31,0,0,0
BRDA:31,0,1,2
BRDA:34,1,0,0
BRDA:34,1,1,0
BRDA:39,2,0,0
BRDA:39,2,1,2
BRDA:39,3,0,2
BRDA:39,3,1,0
BRDA:42,4,0,0
BRDA:42,4,1,2
BRDA:58,5,0,2
BRDA:58,5,1,0
BRDA:60,6,0,0
BRDA:60,6,1,0
BRDA:64,7,0,0
BRDA:64,7,1,0
BRDA:65,8,0,0
BRDA:65,8,1,0
BRDA:67,9,0,0
BRDA:67,9,1,0
BRDA:77,10,0,0
BRDA:77,10,1,2
BRDA:81,11,0,0
BRDA:81,11,1,2
BRDA:84,12,0,0
BRDA:84,12,1,2
BRDA:88,13,0,0
BRDA:88,13,1,2
BRDA:96,14,0,2
BRDA:96,14,1,0
BRDA:98,15,0,2
BRDA:98,15,1,0
BRDA:108,16,0,2
BRDA:108,16,1,2
BRDA:108,16,2,2
BRDA:109,17,0,0
BRDA:109,17,1,2
BRDA:109,18,0,2
BRDA:109,18,1,0
BRDA:114,19,0,0
BRDA:114,19,1,2
BRDA:116,20,0,0
BRDA:116,20,1,0
BRDA:129,21,0,2
BRDA:129,21,1,0
BRDA:144,22,0,0
BRDA:144,22,1,0
BRDA:153,23,0,0
BRDA:153,23,1,0
BRDA:153,24,0,0
BRDA:153,24,1,0
BRDA:153,24,2,0
BRDA:155,25,0,0
BRDA:155,25,1,0
BRDA:163,26,0,2
BRDA:163,26,1,2
BRDA:172,27,0,0
BRDA:172,27,1,2
BRDA:181,28,0,2
BRDA:181,28,1,0
BRDA:189,29,0,0
BRDA:189,29,1,0
BRDA:189,30,0,0
BRDA:189,30,1,0
BRDA:194,31,0,0
BRDA:194,31,1,0
BRDA:214,32,0,0
BRDA:214,32,1,0
BRDA:214,33,0,0
BRDA:214,33,1,0
BRDA:215,34,0,0
BRDA:215,34,1,0
BRDA:216,35,0,0
BRDA:216,35,1,0
BRDA:217,36,0,0
BRDA:217,36,1,0
BRDA:217,37,0,0
BRDA:217,37,1,0
BRDA:217,38,0,0
BRDA:217,38,1,0
BRDA:242,39,0,0
BRDA:242,39,1,0
BRDA:266,40,0,0
BRDA:296,41,0,0
BRDA:296,41,1,0
BRDA:298,42,0,0
BRDA:298,42,1,0
BRDA:302,43,0,0
BRDA:302,43,1,0
BRDA:303,44,0,0
BRDA:303,44,1,0
BRDA:303,45,0,0
BRDA:303,45,1,0
BRDA:311,46,0,2
BRDA:311,46,1,2
BRDA:333,47,0,0
BRDA:333,47,1,0
BRF:97
BRH:24
end_of_record
TN:
SF:llm-model.js
FNF:0
FNH:0
DA:5,1
LF:1
LH:1
BRF:0
BRH:0
end_of_record
TN:
SF:moderation-prompt.js
FNF:0
FNH:0
DA:5,2
LF:1
LH:1
BRF:0
BRH:0
end_of_record
TN:
SF:moderation.js
FN:11,foldChatText
FN:19,looksObviousAttackOnAfroBrazilianReligion
FN:30,(anonymous_2)
FN:33,looksExplicitChristianProselytizing
FN:49,(anonymous_4)
FN:58,passesChristianModerationAiGate
FN:79,hasExternalShortlinkOrMessenger
FN:83,hasNonTiktokHttpLink
FN:87,(anonymous_8)
FN:91,passesSpamScamAiGate
FN:105,passesRegionalSlurAiGate
FN:111,passesPersonalAttackAiGate
FN:144,normalizeModerationKeyword
FN:150,parseBinaryReligiousAnswer
FN:179,recentChatBlock
FN:185,(anonymous_15)
FN:189,analyzeMessage
FN:247,clearModerationCache
FNF:18
FNH:16
FNDA:141,foldChatText
FNDA:37,looksObviousAttackOnAfroBrazilianReligion
FNDA:175,(anonymous_2)
FNDA:34,looksExplicitChristianProselytizing
FNDA:556,(anonymous_4)
FNDA:23,passesChristianModerationAiGate
FNDA:23,hasExternalShortlinkOrMessenger
FNDA:21,hasNonTiktokHttpLink
FNDA:0,(anonymous_8)
FNDA:23,passesSpamScamAiGate
FNDA:23,passesRegionalSlurAiGate
FNDA:23,passesPersonalAttackAiGate
FNDA:10,normalizeModerationKeyword
FNDA:10,parseBinaryReligiousAnswer
FNDA:10,recentChatBlock
FNDA:0,(anonymous_15)
FNDA:37,analyzeMessage
FNDA:35,clearModerationCache
DA:1,1
DA:2,1
DA:5,1
DA:6,1
DA:8,1
DA:9,1
DA:12,141
DA:20,37
DA:21,37
DA:22,37
DA:23,37
DA:30,175
DA:34,34
DA:35,34
DA:37,34
DA:49,556
DA:50,24
DA:51,24
DA:52,23
DA:53,23
DA:55,23
DA:59,23
DA:60,23
DA:61,23
DA:63,23
DA:66,23
DA:67,23
DA:68,23
DA:70,23
DA:71,23
DA:73,23
DA:74,23
DA:76,23
DA:80,23
DA:84,21
DA:85,0
DA:86,0
DA:87,0
DA:92,23
DA:93,23
DA:94,2
DA:96,21
DA:97,1
DA:99,20
DA:100,19
DA:101,19
DA:106,23
DA:107,23
DA:112,23
DA:113,23
DA:115,21
DA:117,21
DA:119,21
DA:123,21
DA:127,21
DA:130,21
DA:131,18
DA:132,17
DA:135,1
DA:145,10
DA:146,10
DA:151,10
DA:153,10
DA:154,1
DA:157,9
DA:165,9
DA:166,23
DA:167,9
DA:171,0
DA:172,0
DA:173,0
DA:176,0
DA:180,10
DA:181,10
DA:183,0
DA:184,0
DA:185,0
DA:190,37
DA:195,37
DA:198,37
DA:199,3
DA:201,34
DA:202,11
DA:206,23
DA:207,23
DA:208,23
DA:209,23
DA:210,13
DA:213,10
DA:214,0
DA:218,10
DA:219,10
DA:220,0
DA:224,10
DA:226,10
DA:230,10
DA:231,10
DA:232,10
DA:234,10
DA:236,10
DA:237,10
DA:239,10
DA:241,0
DA:242,0
DA:243,0
DA:248,35
DA:249,35
DA:252,1
LF:108
LH:93
BRDA:12,0,0,141
BRDA:12,0,1,0
BRDA:49,1,0,10
BRDA:49,1,1,24
BRDA:50,2,0,0
BRDA:50,2,1,24
BRDA:50,3,0,24
BRDA:50,3,1,2
BRDA:51,4,0,1
BRDA:51,4,1,23
BRDA:51,5,0,24
BRDA:51,5,1,23
BRDA:52,6,0,0
BRDA:52,6,1,23
BRDA:53,7,0,0
BRDA:53,7,1,23
BRDA:63,8,0,0
BRDA:63,8,1,23
BRDA:63,9,0,23
BRDA:63,9,1,0
BRDA:66,10,0,0
BRDA:66,10,1,23
BRDA:67,11,0,0
BRDA:67,11,1,23
BRDA:68,12,0,0
BRDA:68,12,1,23
BRDA:68,13,0,23
BRDA:68,13,1,1
BRDA:71,14,0,0
BRDA:71,14,1,23
BRDA:71,15,0,23
BRDA:71,15,1,0
BRDA:73,16,0,0
BRDA:73,16,1,23
BRDA:73,17,0,23
BRDA:73,17,1,1
BRDA:74,18,0,0
BRDA:74,18,1,23
BRDA:74,19,0,23
BRDA:74,19,1,23
BRDA:84,20,0,21
BRDA:84,20,1,0
BRDA:86,21,0,0
BRDA:86,21,1,0
BRDA:92,22,0,23
BRDA:92,22,1,0
BRDA:93,23,0,2
BRDA:93,23,1,21
BRDA:93,24,0,23
BRDA:93,24,1,21
BRDA:96,25,0,1
BRDA:96,25,1,20
BRDA:99,26,0,1
BRDA:99,26,1,19
BRDA:100,27,0,0
BRDA:100,27,1,19
BRDA:100,28,0,19
BRDA:100,28,1,0
BRDA:106,29,0,23
BRDA:106,29,1,0
BRDA:112,30,0,23
BRDA:112,30,1,0
BRDA:113,31,0,2
BRDA:113,31,1,21
BRDA:127,32,0,21
BRDA:127,32,1,0
BRDA:130,33,0,3
BRDA:130,33,1,18
BRDA:130,34,0,21
BRDA:130,34,1,20
BRDA:130,34,2,18
BRDA:131,35,0,1
BRDA:131,35,1,17
BRDA:131,36,0,18
BRDA:131,36,1,1
BRDA:145,37,0,10
BRDA:145,37,1,0
BRDA:153,38,0,1
BRDA:153,38,1,9
BRDA:153,39,0,10
BRDA:153,39,1,10
BRDA:166,40,0,9
BRDA:166,40,1,14
BRDA:166,41,0,23
BRDA:166,41,1,14
BRDA:171,42,0,0
BRDA:171,42,1,0
BRDA:172,43,0,0
BRDA:172,43,1,0
BRDA:179,44,0,10
BRDA:180,45,0,10
BRDA:180,45,1,0
BRDA:180,46,0,10
BRDA:180,46,1,10
BRDA:185,47,0,0
BRDA:185,47,1,0
BRDA:185,47,2,0
BRDA:185,48,0,0
BRDA:185,48,1,0
BRDA:198,49,0,3
BRDA:198,49,1,34
BRDA:201,50,0,11
BRDA:201,50,1,23
BRDA:209,51,0,13
BRDA:209,51,1,10
BRDA:209,52,0,23
BRDA:209,52,1,23
BRDA:209,52,2,19
BRDA:213,53,0,0
BRDA:213,53,1,10
BRDA:219,54,0,0
BRDA:219,54,1,10
BRDA:227,55,0,10
BRDA:227,55,1,0
BRDA:227,55,2,0
BRDA:232,56,0,9
BRDA:232,56,1,1
BRDA:232,57,0,9
BRDA:232,57,1,0
BRDA:237,58,0,0
BRDA:237,58,1,10
BRF:121
BRH:82
end_of_record
TN:
SF:server.js
FN:14,aiConfigured
FN:30,createTikTokConnection
FN:36,formatTikTokConnectionError
FN:54,repeatSequenceKey
FN:58,sendJson
FN:63,readRequestBody
FN:64,(anonymous_6)
FN:67,(anonymous_7)
FN:75,(anonymous_8)
FN:92,getBotCookies
FN:96,pythonChatSenderEnabled
FN:100,pythonExecutable
FN:104,getEnvTikTokCookies
FN:108,getCurrentRoomId
FN:120,runPythonChatSender
FN:121,(anonymous_15)
FN:169,(anonymous_16)
FN:173,(anonymous_17)
FN:177,(anonymous_18)
FN:181,(anonymous_19)
FN:207,runPythonMuteUser
FN:208,(anonymous_21)
FN:257,(anonymous_22)
FN:261,(anonymous_23)
FN:265,(anonymous_24)
FN:269,(anonymous_25)
FN:296,muteUser
FN:325,sendBotMessage
FN:340,sendRepeatWarning
FN:353,normalizeId
FN:357,isTargetGift
FN:368,getGiftTypeFromPayload
FN:373,isGiftCountingSettlement
FN:381,getGiftRepeatCount
FN:386,getUserFromObject
FN:396,textFromDisplayText
FN:406,(anonymous_36)
FN:415,getPinnedContent
FN:447,(anonymous_38)
FN:451,getPinnedUser
FN:462,(anonymous_40)
FN:478,(anonymous_41)
FN:491,getPinnedMessageKey
FN:499,rememberPinnedUser
FN:507,emitEvent
FN:515,emitStatus
FN:523,logPinnedComment
FN:530,handlePinnedMessage
FN:564,resetLiveState
FN:572,disconnectCurrentConnection
FN:587,analyzeMessage
FN:595,(anonymous_51)
FN:662,connectToTiktok
FN:671,(anonymous_53)
FN:679,(anonymous_54)
FN:692,(anonymous_55)
FN:700,(anonymous_56)
FN:735,(anonymous_57)
FN:754,getContentType
FN:765,serveFile
FN:766,(anonymous_60)
FN:777,handleApiRequest
FN:847,(anonymous_62)
FN:866,(anonymous_63)
FN:898,(anonymous_64)
FN:906,shutdownServer
FN:918,(anonymous_66)
FN:924,(anonymous_67)
FNF:68
FNH:20
FNDA:2,aiConfigured
FNDA:1,createTikTokConnection
FNDA:0,formatTikTokConnectionError
FNDA:0,repeatSequenceKey
FNDA:11,sendJson
FNDA:5,readRequestBody
FNDA:5,(anonymous_6)
FNDA:5,(anonymous_7)
FNDA:5,(anonymous_8)
FNDA:1,getBotCookies
FNDA:1,pythonChatSenderEnabled
FNDA:0,pythonExecutable
FNDA:0,getEnvTikTokCookies
FNDA:0,getCurrentRoomId
FNDA:0,runPythonChatSender
FNDA:0,(anonymous_15)
FNDA:0,(anonymous_16)
FNDA:0,(anonymous_17)
FNDA:0,(anonymous_18)
FNDA:0,(anonymous_19)
FNDA:0,runPythonMuteUser
FNDA:0,(anonymous_21)
FNDA:0,(anonymous_22)
FNDA:0,(anonymous_23)
FNDA:0,(anonymous_24)
FNDA:0,(anonymous_25)
FNDA:0,muteUser
FNDA:0,sendBotMessage
FNDA:0,sendRepeatWarning
FNDA:0,normalizeId
FNDA:0,isTargetGift
FNDA:0,getGiftTypeFromPayload
FNDA:0,isGiftCountingSettlement
FNDA:0,getGiftRepeatCount
FNDA:0,getUserFromObject
FNDA:0,textFromDisplayText
FNDA:0,(anonymous_36)
FNDA:0,getPinnedContent
FNDA:0,(anonymous_38)
FNDA:0,getPinnedUser
FNDA:0,(anonymous_40)
FNDA:0,(anonymous_41)
FNDA:0,getPinnedMessageKey
FNDA:0,rememberPinnedUser
FNDA:2,emitEvent
FNDA:2,emitStatus
FNDA:0,logPinnedComment
FNDA:0,handlePinnedMessage
FNDA:2,resetLiveState
FNDA:1,disconnectCurrentConnection
FNDA:0,analyzeMessage
FNDA:0,(anonymous_51)
FNDA:1,connectToTiktok
FNDA:0,(anonymous_53)
FNDA:0,(anonymous_54)
FNDA:0,(anonymous_55)
FNDA:0,(anonymous_56)
FNDA:0,(anonymous_57)
FNDA:1,getContentType
FNDA:1,serveFile
FNDA:1,(anonymous_60)
FNDA:10,handleApiRequest
FNDA:13,(anonymous_62)
FNDA:0,(anonymous_63)
FNDA:1,(anonymous_64)
FNDA:0,shutdownServer
FNDA:0,(anonymous_66)
FNDA:0,(anonymous_67)
DA:1,1
DA:2,1
DA:3,1
DA:4,1
DA:5,1
DA:6,1
DA:7,1
DA:8,1
DA:10,1
DA:11,1
DA:12,1
DA:15,2
DA:18,1
DA:20,1
DA:21,1
DA:22,1
DA:23,1
DA:24,1
DA:25,1
DA:26,1
DA:27,1
DA:28,1
DA:31,1
DA:37,0
DA:39,0
DA:40,0
DA:43,0
DA:44,0
DA:47,0
DA:48,0
DA:51,0
DA:55,0
DA:59,11
DA:60,11
DA:64,5
DA:65,5
DA:67,5
DA:68,5
DA:69,5
DA:70,0
DA:71,0
DA:75,5
DA:76,5
DA:77,5
DA:79,1
DA:83,5
DA:87,1
DA:93,1
DA:97,1
DA:101,0
DA:105,0
DA:109,0
DA:110,0
DA:113,0
DA:114,0
DA:117,0
DA:121,0
DA:122,0
DA:123,0
DA:124,0
DA:127,0
DA:128,0
DA:129,0
DA:132,0
DA:133,0
DA:134,0
DA:137,0
DA:138,0
DA:145,0
DA:146,0
DA:147,0
DA:150,0
DA:151,0
DA:154,0
DA:160,0
DA:166,0
DA:167,0
DA:169,0
DA:170,0
DA:173,0
DA:174,0
DA:177,0
DA:178,0
DA:181,0
DA:182,0
DA:183,0
DA:185,0
DA:186,0
DA:187,0
DA:189,0
DA:193,0
DA:194,0
DA:195,0
DA:198,0
DA:208,0
DA:209,0
DA:210,0
DA:211,0
DA:214,0
DA:215,0
DA:216,0
DA:219,0
DA:220,0
DA:221,0
DA:224,0
DA:225,0
DA:233,0
DA:234,0
DA:235,0
DA:238,0
DA:239,0
DA:242,0
DA:248,0
DA:254,0
DA:255,0
DA:257,0
DA:258,0
DA:261,0
DA:262,0
DA:265,0
DA:266,0
DA:269,0
DA:270,0
DA:271,0
DA:273,0
DA:274,0
DA:275,0
DA:277,0
DA:281,0
DA:282,0
DA:283,0
DA:286,0
DA:287,0
DA:288,0
DA:297,0
DA:298,0
DA:300,0
DA:301,0
DA:303,0
DA:304,0
DA:305,0
DA:311,0
DA:314,0
DA:315,0
DA:316,0
DA:322,0
DA:326,0
DA:328,0
DA:329,0
DA:330,0
DA:333,0
DA:334,0
DA:337,0
DA:341,0
DA:342,0
DA:343,0
DA:345,0
DA:346,0
DA:354,0
DA:358,0
DA:359,0
DA:361,0
DA:369,0
DA:374,0
DA:375,0
DA:376,0
DA:378,0
DA:382,0
DA:383,0
DA:387,0
DA:389,0
DA:390,0
DA:391,0
DA:393,0
DA:397,0
DA:398,0
DA:399,0
DA:400,0
DA:401,0
DA:403,0
DA:404,0
DA:405,0
DA:406,0
DA:409,0
DA:412,0
DA:416,0
DA:425,0
DA:447,0
DA:448,0
DA:452,0
DA:462,0
DA:464,0
DA:465,0
DA:466,0
DA:467,0
DA:471,0
DA:472,0
DA:473,0
DA:476,0
DA:477,0
DA:478,0
DA:479,0
DA:480,0
DA:483,0
DA:484,0
DA:488,0
DA:492,0
DA:500,0
DA:501,0
DA:502,0
DA:504,0
DA:508,2
DA:510,2
DA:511,0
DA:516,2
DA:524,0
DA:525,0
DA:526,0
DA:527,0
DA:531,0
DA:532,0
DA:535,0
DA:536,0
DA:537,0
DA:540,0
DA:541,0
DA:542,0
DA:543,0
DA:547,0
DA:548,0
DA:549,0
DA:551,0
DA:559,0
DA:560,0
DA:565,2
DA:566,2
DA:567,2
DA:568,2
DA:569,2
DA:573,1
DA:574,0
DA:575,0
DA:576,0
DA:579,1
DA:580,1
DA:581,1
DA:582,1
DA:583,1
DA:584,1
DA:588,0
DA:589,0
DA:590,0
DA:591,0
DA:592,0
DA:593,0
DA:595,0
DA:596,0
DA:601,0
DA:602,0
DA:604,0
DA:605,0
DA:606,0
DA:608,0
DA:609,0
DA:610,0
DA:611,0
DA:613,0
DA:621,0
DA:622,0
DA:624,0
DA:625,0
DA:628,0
DA:629,0
DA:631,0
DA:632,0
DA:633,0
DA:635,0
DA:644,0
DA:647,0
DA:650,0
DA:651,0
DA:652,0
DA:663,1
DA:664,0
DA:667,1
DA:668,1
DA:669,1
DA:671,1
DA:672,0
DA:679,0
DA:680,0
DA:683,0
DA:685,0
DA:686,0
DA:689,0
DA:692,1
DA:693,0
DA:700,1
DA:701,0
DA:702,0
DA:703,0
DA:705,0
DA:706,0
DA:709,0
DA:710,0
DA:712,0
DA:724,0
DA:725,0
DA:734,1
DA:735,1
DA:736,0
DA:737,0
DA:741,1
DA:742,1
DA:743,1
DA:745,0
DA:746,0
DA:747,0
DA:748,0
DA:749,0
DA:750,0
DA:755,1
DA:757,1
DA:758,0
DA:759,0
DA:760,0
DA:762,0
DA:766,1
DA:767,1
DA:768,0
DA:769,0
DA:772,1
DA:773,1
DA:778,10
DA:779,1
DA:780,1
DA:781,1
DA:784,9
DA:785,1
DA:786,1
DA:787,1
DA:789,1
DA:795,1
DA:798,8
DA:799,2
DA:800,2
DA:801,1
DA:802,1
DA:804,1
DA:806,1
DA:808,2
DA:811,6
DA:812,1
DA:817,1
DA:820,5
DA:821,3
DA:822,3
DA:823,3
DA:825,3
DA:826,2
DA:827,2
DA:830,1
DA:831,1
DA:833,0
DA:835,1
DA:838,2
DA:839,1
DA:840,1
DA:841,1
DA:844,1
DA:847,1
DA:848,13
DA:849,13
DA:851,13
DA:852,1
DA:857,1
DA:858,1
DA:860,1
DA:866,1
DA:867,0
DA:869,1
DA:872,12
DA:873,10
DA:874,10
DA:875,1
DA:877,10
DA:880,2
DA:881,1
DA:882,1
DA:885,1
DA:886,0
DA:887,0
DA:890,1
DA:891,0
DA:892,0
DA:895,1
DA:898,1
DA:899,1
DA:900,1
DA:901,1
DA:902,0
DA:907,0
DA:909,0
DA:910,0
DA:911,0
DA:916,0
DA:918,0
DA:920,0
DA:921,0
DA:924,0
DA:927,1
DA:928,1
LF:412
LH:134
BRDA:10,0,0,1
BRDA:10,0,1,0
BRDA:11,1,0,1
BRDA:11,1,1,0
BRDA:37,2,0,0
BRDA:37,2,1,0
BRDA:37,2,2,0
BRDA:39,3,0,0
BRDA:39,3,1,0
BRDA:43,4,0,0
BRDA:43,4,1,0
BRDA:43,5,0,0
BRDA:43,5,1,0
BRDA:47,6,0,0
BRDA:47,6,1,0
BRDA:47,7,0,0
BRDA:47,7,1,0
BRDA:47,7,2,0
BRDA:69,8,0,0
BRDA:69,8,1,5
BRDA:77,9,0,5
BRDA:77,9,1,0
BRDA:88,10,0,1
BRDA:88,10,1,1
BRDA:89,11,0,1
BRDA:89,11,1,1
BRDA:101,12,0,0
BRDA:101,12,1,0
BRDA:101,12,2,0
BRDA:109,13,0,0
BRDA:109,13,1,0
BRDA:113,14,0,0
BRDA:113,14,1,0
BRDA:117,15,0,0
BRDA:117,15,1,0
BRDA:120,16,0,0
BRDA:122,17,0,0
BRDA:122,17,1,0
BRDA:122,18,0,0
BRDA:122,18,1,0
BRDA:127,19,0,0
BRDA:127,19,1,0
BRDA:132,20,0,0
BRDA:132,20,1,0
BRDA:146,21,0,0
BRDA:146,21,1,0
BRDA:150,22,0,0
BRDA:150,22,1,0
BRDA:185,23,0,0
BRDA:185,23,1,0
BRDA:193,24,0,0
BRDA:193,24,1,0
BRDA:193,25,0,0
BRDA:193,25,1,0
BRDA:194,26,0,0
BRDA:194,26,1,0
BRDA:200,27,0,0
BRDA:200,27,1,0
BRDA:201,28,0,0
BRDA:201,28,1,0
BRDA:201,28,2,0
BRDA:201,28,3,0
BRDA:207,29,0,0
BRDA:209,30,0,0
BRDA:209,30,1,0
BRDA:214,31,0,0
BRDA:214,31,1,0
BRDA:214,32,0,0
BRDA:214,32,1,0
BRDA:219,33,0,0
BRDA:219,33,1,0
BRDA:234,34,0,0
BRDA:234,34,1,0
BRDA:238,35,0,0
BRDA:238,35,1,0
BRDA:273,36,0,0
BRDA:273,36,1,0
BRDA:281,37,0,0
BRDA:281,37,1,0
BRDA:281,38,0,0
BRDA:281,38,1,0
BRDA:282,39,0,0
BRDA:282,39,1,0
BRDA:286,40,0,0
BRDA:286,40,1,0
BRDA:286,40,2,0
BRDA:287,41,0,0
BRDA:287,41,1,0
BRDA:290,42,0,0
BRDA:290,42,1,0
BRDA:290,42,2,0
BRDA:290,42,3,0
BRDA:297,43,0,0
BRDA:297,43,1,0
BRDA:298,44,0,0
BRDA:298,44,1,0
BRDA:303,45,0,0
BRDA:303,45,1,0
BRDA:314,46,0,0
BRDA:314,46,1,0
BRDA:314,46,2,0
BRDA:328,47,0,0
BRDA:328,47,1,0
BRDA:333,48,0,0
BRDA:333,48,1,0
BRDA:334,49,0,0
BRDA:334,49,1,0
BRDA:334,49,2,0
BRDA:341,50,0,0
BRDA:341,50,1,0
BRDA:342,51,0,0
BRDA:342,51,1,0
BRDA:342,52,0,0
BRDA:342,52,1,0
BRDA:345,53,0,0
BRDA:345,53,1,0
BRDA:345,54,0,0
BRDA:345,54,1,0
BRDA:347,55,0,0
BRDA:347,55,1,0
BRDA:347,55,2,0
BRDA:354,56,0,0
BRDA:354,56,1,0
BRDA:358,57,0,0
BRDA:358,57,1,0
BRDA:361,58,0,0
BRDA:361,58,1,0
BRDA:361,58,2,0
BRDA:361,58,3,0
BRDA:361,58,4,0
BRDA:369,59,0,0
BRDA:369,59,1,0
BRDA:375,60,0,0
BRDA:375,60,1,0
BRDA:375,61,0,0
BRDA:375,61,1,0
BRDA:383,62,0,0
BRDA:383,62,1,0
BRDA:383,63,0,0
BRDA:383,63,1,0
BRDA:387,64,0,0
BRDA:387,64,1,0
BRDA:389,65,0,0
BRDA:389,65,1,0
BRDA:389,65,2,0
BRDA:389,65,3,0
BRDA:389,65,4,0
BRDA:389,65,5,0
BRDA:390,66,0,0
BRDA:390,66,1,0
BRDA:390,66,2,0
BRDA:390,66,3,0
BRDA:390,66,4,0
BRDA:391,67,0,0
BRDA:391,67,1,0
BRDA:391,67,2,0
BRDA:391,67,3,0
BRDA:391,67,4,0
BRDA:397,68,0,0
BRDA:397,68,1,0
BRDA:398,69,0,0
BRDA:398,69,1,0
BRDA:399,70,0,0
BRDA:399,70,1,0
BRDA:400,71,0,0
BRDA:400,71,1,0
BRDA:401,72,0,0
BRDA:401,72,1,0
BRDA:403,73,0,0
BRDA:403,73,1,0
BRDA:404,74,0,0
BRDA:404,74,1,0
BRDA:406,75,0,0
BRDA:406,75,1,0
BRDA:406,75,2,0
BRDA:406,75,3,0
BRDA:406,75,4,0
BRDA:409,76,0,0
BRDA:409,76,1,0
BRDA:416,77,0,0
BRDA:416,77,1,0
BRDA:416,77,2,0
BRDA:416,77,3,0
BRDA:416,77,4,0
BRDA:416,77,5,0
BRDA:416,77,6,0
BRDA:416,77,7,0
BRDA:433,78,0,0
BRDA:433,78,1,0
BRDA:447,79,0,0
BRDA:447,79,1,0
BRDA:448,80,0,0
BRDA:448,80,1,0
BRDA:462,81,0,0
BRDA:462,81,1,0
BRDA:466,82,0,0
BRDA:466,82,1,0
BRDA:471,83,0,0
BRDA:471,83,1,0
BRDA:472,84,0,0
BRDA:472,84,1,0
BRDA:476,85,0,0
BRDA:476,85,1,0
BRDA:479,86,0,0
BRDA:479,86,1,0
BRDA:480,87,0,0
BRDA:480,87,1,0
BRDA:483,88,0,0
BRDA:483,88,1,0
BRDA:492,89,0,0
BRDA:492,89,1,0
BRDA:492,89,2,0
BRDA:492,89,3,0
BRDA:492,89,4,0
BRDA:496,90,0,0
BRDA:496,90,1,0
BRDA:496,91,0,0
BRDA:496,91,1,0
BRDA:501,92,0,0
BRDA:501,92,1,0
BRDA:515,93,0,0
BRDA:525,94,0,0
BRDA:525,94,1,0
BRDA:525,94,2,0
BRDA:526,95,0,0
BRDA:526,95,1,0
BRDA:527,96,0,0
BRDA:527,96,1,0
BRDA:527,97,0,0
BRDA:527,97,1,0
BRDA:527,98,0,0
BRDA:527,98,1,0
BRDA:531,99,0,0
BRDA:531,99,1,0
BRDA:531,100,0,0
BRDA:531,100,1,0
BRDA:531,100,2,0
BRDA:536,101,0,0
BRDA:536,101,1,0
BRDA:536,102,0,0
BRDA:536,102,1,0
BRDA:540,103,0,0
BRDA:540,103,1,0
BRDA:542,104,0,0
BRDA:542,104,1,0
BRDA:553,105,0,0
BRDA:553,105,1,0
BRDA:553,105,2,0
BRDA:554,106,0,0
BRDA:554,106,1,0
BRDA:555,107,0,0
BRDA:555,107,1,0
BRDA:555,107,2,0
BRDA:559,108,0,0
BRDA:559,108,1,0
BRDA:572,109,0,1
BRDA:573,110,0,0
BRDA:573,110,1,1
BRDA:596,111,0,0
BRDA:596,111,1,0
BRDA:596,111,2,0
BRDA:601,112,0,0
BRDA:601,112,1,0
BRDA:604,113,0,0
BRDA:604,113,1,0
BRDA:605,114,0,0
BRDA:605,114,1,0
BRDA:606,115,0,0
BRDA:606,115,1,0
BRDA:608,116,0,0
BRDA:608,116,1,0
BRDA:610,117,0,0
BRDA:610,117,1,0
BRDA:617,118,0,0
BRDA:617,118,1,0
BRDA:621,119,0,0
BRDA:621,119,1,0
BRDA:628,120,0,0
BRDA:628,120,1,0
BRDA:631,121,0,0
BRDA:631,121,1,0
BRDA:651,122,0,0
BRDA:651,122,1,0
BRDA:657,123,0,0
BRDA:657,123,1,0
BRDA:663,124,0,0
BRDA:663,124,1,1
BRDA:680,125,0,0
BRDA:680,125,1,0
BRDA:685,126,0,0
BRDA:685,126,1,0
BRDA:705,127,0,0
BRDA:705,127,1,0
BRDA:721,128,0,0
BRDA:721,128,1,0
BRDA:724,129,0,0
BRDA:724,129,1,0
BRDA:736,130,0,0
BRDA:736,130,1,0
BRDA:736,131,0,0
BRDA:736,131,1,0
BRDA:757,132,0,1
BRDA:757,132,1,0
BRDA:758,133,0,0
BRDA:758,133,1,0
BRDA:759,134,0,0
BRDA:759,134,1,0
BRDA:760,135,0,0
BRDA:760,135,1,0
BRDA:767,136,0,0
BRDA:767,136,1,1
BRDA:778,137,0,1
BRDA:778,137,1,9
BRDA:778,138,0,10
BRDA:778,138,1,4
BRDA:784,139,0,1
BRDA:784,139,1,8
BRDA:784,140,0,9
BRDA:784,140,1,3
BRDA:787,141,0,1
BRDA:787,141,1,1
BRDA:791,142,0,0
BRDA:791,142,1,1
BRDA:793,143,0,0
BRDA:793,143,1,1
BRDA:798,144,0,2
BRDA:798,144,1,6
BRDA:798,145,0,8
BRDA:798,145,1,6
BRDA:801,146,0,1
BRDA:801,146,1,0
BRDA:801,147,0,1
BRDA:801,147,1,0
BRDA:802,148,0,1
BRDA:802,148,1,0
BRDA:802,149,0,1
BRDA:802,149,1,0
BRDA:811,150,0,1
BRDA:811,150,1,5
BRDA:811,151,0,6
BRDA:811,151,1,2
BRDA:813,152,0,1
BRDA:813,152,1,0
BRDA:820,153,0,3
BRDA:820,153,1,2
BRDA:820,154,0,5
BRDA:820,154,1,4
BRDA:823,155,0,3
BRDA:823,155,1,2
BRDA:825,156,0,2
BRDA:825,156,1,1
BRDA:838,157,0,1
BRDA:838,157,1,1
BRDA:838,158,0,2
BRDA:838,158,1,1
BRDA:851,159,0,1
BRDA:851,159,1,12
BRDA:861,160,0,1
BRDA:861,160,1,0
BRDA:872,161,0,10
BRDA:872,161,1,2
BRDA:874,162,0,1
BRDA:874,162,1,9
BRDA:880,163,0,1
BRDA:880,163,1,1
BRDA:880,164,0,2
BRDA:880,164,1,1
BRDA:885,165,0,0
BRDA:885,165,1,1
BRDA:890,166,0,0
BRDA:890,166,1,1
BRDA:899,167,0,0
BRDA:899,167,1,1
BRDA:901,168,0,0
BRDA:901,168,1,1
BRDA:920,169,0,0
BRDA:920,169,1,0
BRF:377
BRH:65
end_of_record
